<?xml version="1.0" encoding="UTF-8"?>
<robot generator="Robot 7.0.1 (Python 3.12.0 on win32)" generated="2025-02-14T22:48:42.245237" rpa="false" schemaversion="5">
<suite id="s1" name="Signup" source="C:\QAx\projects\smartbit-robot\tests\signup.robot">
<test id="s1-t1" name="Deve iniciar o cadastro do clientes" line="10">
<kw name="Get Fake Account" owner="Account">
<msg time="2025-02-14T22:48:53.604152" level="INFO">${account} = {'name': 'Marcela Silveira', 'email': 'ksantos@example.net', 'cpf': '523.048.619-89'}</msg>
<var>${account}</var>
<status status="PASS" start="2025-02-14T22:48:53.603146" elapsed="0.001006"/>
</kw>
<kw name="start session" owner="base">
<kw name="New Browser" owner="Browser">
<msg time="2025-02-14T22:48:53.607150" level="INFO">{"browser": "chromium", "headless": false, "chromiumSandbox": false, "devtools": false, "handleSIGHUP": true, "handleSIGINT": true, "handleSIGTERM": true, "slowMo": 0.0, "timeout": 30000.0, "tracesDir": "C:\\QAx\\projects\\smartbit-robot\\.logs\\browser\\traces\\f0a69b18-1872-4012-9cd8-3f86e467c522"}</msg>
<msg time="2025-02-14T22:48:54.656812" level="INFO">Successfully created browser with options: {"browser":"chromium","headless":false,"chromiumSandbox":false,"devtools":false,"handleSIGHUP":true,"handleSIGINT":true,"handleSIGTERM":true,"slowMo":0,"timeout":30000,"tracesDir":"C:\\QAx\\projects\\smartbit-robot\\.logs\\browser\\traces\\f0a69b18-1872-4012-9cd8-3f86e467c522"}</msg>
<arg>browser=chromium</arg>
<arg>headless=False</arg>
<tag>BrowserControl</tag>
<tag>Setter</tag>
<doc>Create a new playwright Browser with specified options.</doc>
<status status="PASS" start="2025-02-14T22:48:53.606150" elapsed="1.051668"/>
</kw>
<kw name="New Page" owner="Browser">
<msg time="2025-02-14T22:48:55.959268" level="INFO">Successfully initialized new page object and opened url: http://localhost:3000</msg>
<msg time="2025-02-14T22:48:55.959268" level="INFO">No context was open. New context was automatically opened when this page is created.</msg>
<arg>http://localhost:3000</arg>
<tag>BrowserControl</tag>
<tag>Setter</tag>
<doc>Open a new Page.</doc>
<status status="PASS" start="2025-02-14T22:48:54.658811" elapsed="1.300457"/>
</kw>
<status status="PASS" start="2025-02-14T22:48:53.605149" elapsed="2.355120"/>
</kw>
<kw name="submit signup form" owner="Landing">
<kw name="Get Text" owner="Browser">
<msg time="2025-02-14T22:48:56.077264" level="INFO">Text: 'Faça seu cadastro e venha para a Smartbit!'</msg>
<arg>css=#signup h2</arg>
<arg>equal</arg>
<arg>Faça seu cadastro e venha para a Smartbit!</arg>
<tag>Assertion</tag>
<tag>Getter</tag>
<tag>PageContent</tag>
<doc>Returns text attribute of the element found by ``selector``.</doc>
<status status="PASS" start="2025-02-14T22:48:55.961261" elapsed="0.116003"/>
</kw>
<kw name="Fill Text" owner="Browser">
<msg time="2025-02-14T22:48:56.078389" level="INFO">Fills the text 'Marcela Silveira' in the given field.</msg>
<arg>id=name</arg>
<arg>${account}[name]</arg>
<tag>PageContent</tag>
<tag>Setter</tag>
<doc>Clears and fills the given ``txt`` into the text field found by ``selector``.</doc>
<status status="PASS" start="2025-02-14T22:48:56.077264" elapsed="0.036152"/>
</kw>
<kw name="Fill Text" owner="Browser">
<msg time="2025-02-14T22:48:56.114417" level="INFO">Fills the text 'ksantos@example.net' in the given field.</msg>
<arg>id=email</arg>
<arg>${account}[email]</arg>
<tag>PageContent</tag>
<tag>Setter</tag>
<doc>Clears and fills the given ``txt`` into the text field found by ``selector``.</doc>
<status status="PASS" start="2025-02-14T22:48:56.113416" elapsed="0.032003"/>
</kw>
<kw name="Fill Text" owner="Browser">
<msg time="2025-02-14T22:48:56.147418" level="INFO">Fills the text '523.048.619-89' in the given field.</msg>
<arg>id=cpf</arg>
<arg>${account}[cpf]</arg>
<tag>PageContent</tag>
<tag>Setter</tag>
<doc>Clears and fills the given ``txt`` into the text field found by ``selector``.</doc>
<status status="PASS" start="2025-02-14T22:48:56.146421" elapsed="0.026990"/>
</kw>
<kw name="Click" owner="Browser">
<msg time="2025-02-14T22:48:56.174414" level="INFO">Clicks the element 'css=button &gt;&gt; text=Cadastrar'.</msg>
<arg>css=button &gt;&gt; text=Cadastrar</arg>
<tag>PageContent</tag>
<tag>Setter</tag>
<doc>Simulates mouse click on the element found by ``selector``.</doc>
<status status="PASS" start="2025-02-14T22:48:56.173411" elapsed="0.091435"/>
</kw>
<arg>${account}</arg>
<status status="PASS" start="2025-02-14T22:48:55.960269" elapsed="0.305601"/>
</kw>
<kw name="Wait For Elements State" owner="Browser">
<msg time="2025-02-14T22:48:58.694933" level="INFO">Waited for Element with selector text=Falta pouco para fazer parte da família Smartbit! at state visible</msg>
<arg>text=Falta pouco para fazer parte da família Smartbit!</arg>
<arg>visible</arg>
<arg>5</arg>
<tag>PageContent</tag>
<tag>Wait</tag>
<doc>Waits for the element found by ``selector`` to satisfy state option.</doc>
<status status="PASS" start="2025-02-14T22:48:56.265870" elapsed="2.429063"/>
</kw>
<kw name="Sleep" owner="BuiltIn">
<msg time="2025-02-14T22:49:08.696822" level="INFO">Slept 10 seconds.</msg>
<arg>10</arg>
<doc>Pauses the test executed for the given time.</doc>
<status status="PASS" start="2025-02-14T22:48:58.695930" elapsed="10.000892"/>
</kw>
<status status="PASS" start="2025-02-14T22:48:53.593151" elapsed="15.104668"/>
</test>
<test id="s1-t2" name="Campo nome deve ser obrigatorio" line="22">
<kw name="Create Dictionary" owner="BuiltIn">
<msg time="2025-02-14T22:49:08.893819" level="INFO">${account} = {'name': '', 'email': 'henrique@teste.com.br', 'cpf': '14525845256'}</msg>
<var>${account}</var>
<arg>name=${EMPTY}</arg>
<arg>email=henrique@teste.com.br</arg>
<arg>cpf=14525845256</arg>
<doc>Creates and returns a dictionary based on the given ``items``.</doc>
<status status="PASS" start="2025-02-14T22:49:08.891821" elapsed="0.001998"/>
</kw>
<kw name="start session" owner="base">
<kw name="New Browser" owner="Browser">
<msg time="2025-02-14T22:49:08.895823" level="INFO">Switching browser to browser=6d726e5a-5e1a-40d0-9691-45df9c6bc55c</msg>
<msg time="2025-02-14T22:49:08.934822" level="INFO">Successfully changed active browser: browser=6d726e5a-5e1a-40d0-9691-45df9c6bc55c</msg>
<msg time="2025-02-14T22:49:08.934822" level="INFO">Reusing existing browser with id: browser=6d726e5a-5e1a-40d0-9691-45df9c6bc55c</msg>
<arg>browser=chromium</arg>
<arg>headless=False</arg>
<tag>BrowserControl</tag>
<tag>Setter</tag>
<doc>Create a new playwright Browser with specified options.</doc>
<status status="PASS" start="2025-02-14T22:49:08.894827" elapsed="0.039995"/>
</kw>
<kw name="New Page" owner="Browser">
<msg time="2025-02-14T22:49:09.957393" level="INFO">Successfully initialized new page object and opened url: http://localhost:3000</msg>
<msg time="2025-02-14T22:49:09.957393" level="INFO">No context was open. New context was automatically opened when this page is created.</msg>
<arg>http://localhost:3000</arg>
<tag>BrowserControl</tag>
<tag>Setter</tag>
<doc>Open a new Page.</doc>
<status status="PASS" start="2025-02-14T22:49:08.934822" elapsed="1.022571"/>
</kw>
<status status="PASS" start="2025-02-14T22:49:08.893819" elapsed="1.064575"/>
</kw>
<kw name="submit signup form" owner="Landing">
<kw name="Get Text" owner="Browser">
<msg time="2025-02-14T22:49:10.062457" level="INFO">Text: 'Faça seu cadastro e venha para a Smartbit!'</msg>
<arg>css=#signup h2</arg>
<arg>equal</arg>
<arg>Faça seu cadastro e venha para a Smartbit!</arg>
<tag>Assertion</tag>
<tag>Getter</tag>
<tag>PageContent</tag>
<doc>Returns text attribute of the element found by ``selector``.</doc>
<status status="PASS" start="2025-02-14T22:49:09.959394" elapsed="0.103063"/>
</kw>
<kw name="Fill Text" owner="Browser">
<msg time="2025-02-14T22:49:10.063456" level="INFO">Fills the text '' in the given field.</msg>
<arg>id=name</arg>
<arg>${account}[name]</arg>
<tag>PageContent</tag>
<tag>Setter</tag>
<doc>Clears and fills the given ``txt`` into the text field found by ``selector``.</doc>
<status status="PASS" start="2025-02-14T22:49:10.062457" elapsed="0.025008"/>
</kw>
<kw name="Fill Text" owner="Browser">
<msg time="2025-02-14T22:49:10.089471" level="INFO">Fills the text 'henrique@teste.com.br' in the given field.</msg>
<arg>id=email</arg>
<arg>${account}[email]</arg>
<tag>PageContent</tag>
<tag>Setter</tag>
<doc>Clears and fills the given ``txt`` into the text field found by ``selector``.</doc>
<status status="PASS" start="2025-02-14T22:49:10.088467" elapsed="0.028004"/>
</kw>
<kw name="Fill Text" owner="Browser">
<msg time="2025-02-14T22:49:10.117469" level="INFO">Fills the text '14525845256' in the given field.</msg>
<arg>id=cpf</arg>
<arg>${account}[cpf]</arg>
<tag>PageContent</tag>
<tag>Setter</tag>
<doc>Clears and fills the given ``txt`` into the text field found by ``selector``.</doc>
<status status="PASS" start="2025-02-14T22:49:10.116471" elapsed="0.025995"/>
</kw>
<kw name="Click" owner="Browser">
<msg time="2025-02-14T22:49:10.143465" level="INFO">Clicks the element 'css=button &gt;&gt; text=Cadastrar'.</msg>
<arg>css=button &gt;&gt; text=Cadastrar</arg>
<tag>PageContent</tag>
<tag>Setter</tag>
<doc>Simulates mouse click on the element found by ``selector``.</doc>
<status status="PASS" start="2025-02-14T22:49:10.142466" elapsed="0.121997"/>
</kw>
<arg>${account}</arg>
<status status="PASS" start="2025-02-14T22:49:09.959394" elapsed="0.305069"/>
</kw>
<kw name="Notice should be" owner="Landing">
<kw name="Set Variable" owner="BuiltIn">
<msg time="2025-02-14T22:49:10.266478" level="INFO">${element} = css=form .notice</msg>
<var>${element}</var>
<arg>css=form .notice</arg>
<doc>Returns the given values which can then be assigned to a variables.</doc>
<status status="PASS" start="2025-02-14T22:49:10.266478" elapsed="0.000000"/>
</kw>
<kw name="Wait For Elements State" owner="Browser">
<msg time="2025-02-14T22:49:10.606454" level="INFO">Waited for Element with selector css=form .notice at state visible</msg>
<arg>css=form .notice</arg>
<arg>visible</arg>
<arg>5</arg>
<tag>PageContent</tag>
<tag>Wait</tag>
<doc>Waits for the element found by ``selector`` to satisfy state option.</doc>
<status status="PASS" start="2025-02-14T22:49:10.266478" elapsed="0.339976"/>
</kw>
<kw name="Get Text" owner="Browser">
<msg time="2025-02-14T22:49:10.640445" level="INFO">Text: 'Por favor informe o seu nome completo'</msg>
<arg>${element}</arg>
<arg>equal</arg>
<arg>${target}</arg>
<tag>Assertion</tag>
<tag>Getter</tag>
<tag>PageContent</tag>
<doc>Returns text attribute of the element found by ``selector``.</doc>
<status status="PASS" start="2025-02-14T22:49:10.607442" elapsed="0.033003"/>
</kw>
<arg>Por favor informe o seu nome completo</arg>
<status status="PASS" start="2025-02-14T22:49:10.265465" elapsed="0.374980"/>
</kw>
<kw name="Sleep" owner="BuiltIn">
<msg time="2025-02-14T22:49:20.642564" level="INFO">Slept 10 seconds.</msg>
<arg>10</arg>
<doc>Pauses the test executed for the given time.</doc>
<status status="PASS" start="2025-02-14T22:49:10.641448" elapsed="10.001116"/>
</kw>
<status status="PASS" start="2025-02-14T22:49:08.883828" elapsed="11.759750"/>
</test>
<test id="s1-t3" name="Campo email deve ser obrigatorio" line="35">
<kw name="Create Dictionary" owner="BuiltIn">
<msg time="2025-02-14T22:49:20.815143" level="INFO">${account} = {'name': 'Henrique Araujo', 'email': '', 'cpf': '41545875841'}</msg>
<var>${account}</var>
<arg>name=Henrique Araujo</arg>
<arg>email=${EMPTY}</arg>
<arg>cpf=41545875841</arg>
<doc>Creates and returns a dictionary based on the given ``items``.</doc>
<status status="PASS" start="2025-02-14T22:49:20.813141" elapsed="0.002002"/>
</kw>
<kw name="start session" owner="base">
<kw name="New Browser" owner="Browser">
<msg time="2025-02-14T22:49:20.818143" level="INFO">Switching browser to browser=6d726e5a-5e1a-40d0-9691-45df9c6bc55c</msg>
<msg time="2025-02-14T22:49:20.825145" level="INFO">Successfully changed active browser: browser=6d726e5a-5e1a-40d0-9691-45df9c6bc55c</msg>
<msg time="2025-02-14T22:49:20.826145" level="INFO">Reusing existing browser with id: browser=6d726e5a-5e1a-40d0-9691-45df9c6bc55c</msg>
<arg>browser=chromium</arg>
<arg>headless=False</arg>
<tag>BrowserControl</tag>
<tag>Setter</tag>
<doc>Create a new playwright Browser with specified options.</doc>
<status status="PASS" start="2025-02-14T22:49:20.817143" elapsed="0.009002"/>
</kw>
<kw name="New Page" owner="Browser">
<msg time="2025-02-14T22:49:21.802413" level="INFO">Successfully initialized new page object and opened url: http://localhost:3000</msg>
<msg time="2025-02-14T22:49:21.802413" level="INFO">No context was open. New context was automatically opened when this page is created.</msg>
<arg>http://localhost:3000</arg>
<tag>BrowserControl</tag>
<tag>Setter</tag>
<doc>Open a new Page.</doc>
<status status="PASS" start="2025-02-14T22:49:20.827151" elapsed="0.975262"/>
</kw>
<status status="PASS" start="2025-02-14T22:49:20.816142" elapsed="0.986271"/>
</kw>
<kw name="submit signup form" owner="Landing">
<kw name="Get Text" owner="Browser">
<msg time="2025-02-14T22:49:21.904405" level="INFO">Text: 'Faça seu cadastro e venha para a Smartbit!'</msg>
<arg>css=#signup h2</arg>
<arg>equal</arg>
<arg>Faça seu cadastro e venha para a Smartbit!</arg>
<tag>Assertion</tag>
<tag>Getter</tag>
<tag>PageContent</tag>
<doc>Returns text attribute of the element found by ``selector``.</doc>
<status status="PASS" start="2025-02-14T22:49:21.805411" elapsed="0.099989"/>
</kw>
<kw name="Fill Text" owner="Browser">
<msg time="2025-02-14T22:49:21.906407" level="INFO">Fills the text 'Henrique Araujo' in the given field.</msg>
<arg>id=name</arg>
<arg>${account}[name]</arg>
<tag>PageContent</tag>
<tag>Setter</tag>
<doc>Clears and fills the given ``txt`` into the text field found by ``selector``.</doc>
<status status="PASS" start="2025-02-14T22:49:21.905400" elapsed="0.025002"/>
</kw>
<kw name="Fill Text" owner="Browser">
<msg time="2025-02-14T22:49:21.931405" level="INFO">Fills the text '' in the given field.</msg>
<arg>id=email</arg>
<arg>${account}[email]</arg>
<tag>PageContent</tag>
<tag>Setter</tag>
<doc>Clears and fills the given ``txt`` into the text field found by ``selector``.</doc>
<status status="PASS" start="2025-02-14T22:49:21.931405" elapsed="0.029999"/>
</kw>
<kw name="Fill Text" owner="Browser">
<msg time="2025-02-14T22:49:21.962406" level="INFO">Fills the text '41545875841' in the given field.</msg>
<arg>id=cpf</arg>
<arg>${account}[cpf]</arg>
<tag>PageContent</tag>
<tag>Setter</tag>
<doc>Clears and fills the given ``txt`` into the text field found by ``selector``.</doc>
<status status="PASS" start="2025-02-14T22:49:21.962406" elapsed="0.022999"/>
</kw>
<kw name="Click" owner="Browser">
<msg time="2025-02-14T22:49:21.986396" level="INFO">Clicks the element 'css=button &gt;&gt; text=Cadastrar'.</msg>
<arg>css=button &gt;&gt; text=Cadastrar</arg>
<tag>PageContent</tag>
<tag>Setter</tag>
<doc>Simulates mouse click on the element found by ``selector``.</doc>
<status status="PASS" start="2025-02-14T22:49:21.985405" elapsed="0.100010"/>
</kw>
<arg>${account}</arg>
<status status="PASS" start="2025-02-14T22:49:21.803403" elapsed="0.282012"/>
</kw>
<kw name="Notice should be" owner="Landing">
<kw name="Set Variable" owner="BuiltIn">
<msg time="2025-02-14T22:49:22.087398" level="INFO">${element} = css=form .notice</msg>
<var>${element}</var>
<arg>css=form .notice</arg>
<doc>Returns the given values which can then be assigned to a variables.</doc>
<status status="PASS" start="2025-02-14T22:49:22.086412" elapsed="0.000986"/>
</kw>
<kw name="Wait For Elements State" owner="Browser">
<msg time="2025-02-14T22:49:22.427402" level="INFO">Waited for Element with selector css=form .notice at state visible</msg>
<arg>css=form .notice</arg>
<arg>visible</arg>
<arg>5</arg>
<tag>PageContent</tag>
<tag>Wait</tag>
<doc>Waits for the element found by ``selector`` to satisfy state option.</doc>
<status status="PASS" start="2025-02-14T22:49:22.087398" elapsed="0.340004"/>
</kw>
<kw name="Get Text" owner="Browser">
<msg time="2025-02-14T22:49:22.464403" level="INFO">Text: 'Por favor, informe o seu melhor e-mail'</msg>
<arg>${element}</arg>
<arg>equal</arg>
<arg>${target}</arg>
<tag>Assertion</tag>
<tag>Getter</tag>
<tag>PageContent</tag>
<doc>Returns text attribute of the element found by ``selector``.</doc>
<status status="PASS" start="2025-02-14T22:49:22.428409" elapsed="0.036994"/>
</kw>
<arg>Por favor, informe o seu melhor e-mail</arg>
<status status="PASS" start="2025-02-14T22:49:22.086412" elapsed="0.378991"/>
</kw>
<kw name="Sleep" owner="BuiltIn">
<msg time="2025-02-14T22:49:32.466522" level="INFO">Slept 10 seconds.</msg>
<arg>10</arg>
<doc>Pauses the test executed for the given time.</doc>
<status status="PASS" start="2025-02-14T22:49:22.466411" elapsed="10.000111"/>
</kw>
<status status="PASS" start="2025-02-14T22:49:20.803145" elapsed="11.664390"/>
</test>
<test id="s1-t4" name="Campo cpf deve ser obrigatorio" line="49">
<kw name="Create Dictionary" owner="BuiltIn">
<msg time="2025-02-14T22:49:32.605575" level="INFO">${account} = {'name': 'Henrique Araujo', 'email': 'henrique@teste.com.br', 'cpf': ''}</msg>
<var>${account}</var>
<arg>name=Henrique Araujo</arg>
<arg>email=henrique@teste.com.br</arg>
<arg>cpf=${EMPTY}</arg>
<doc>Creates and returns a dictionary based on the given ``items``.</doc>
<status status="PASS" start="2025-02-14T22:49:32.604568" elapsed="0.001007"/>
</kw>
<kw name="start session" owner="base">
<kw name="New Browser" owner="Browser">
<msg time="2025-02-14T22:49:32.607570" level="INFO">Switching browser to browser=6d726e5a-5e1a-40d0-9691-45df9c6bc55c</msg>
<msg time="2025-02-14T22:49:32.610579" level="INFO">Successfully changed active browser: browser=6d726e5a-5e1a-40d0-9691-45df9c6bc55c</msg>
<msg time="2025-02-14T22:49:32.610579" level="INFO">Reusing existing browser with id: browser=6d726e5a-5e1a-40d0-9691-45df9c6bc55c</msg>
<arg>browser=chromium</arg>
<arg>headless=False</arg>
<tag>BrowserControl</tag>
<tag>Setter</tag>
<doc>Create a new playwright Browser with specified options.</doc>
<status status="PASS" start="2025-02-14T22:49:32.606572" elapsed="0.004007"/>
</kw>
<kw name="New Page" owner="Browser">
<msg time="2025-02-14T22:49:33.528279" level="INFO">Successfully initialized new page object and opened url: http://localhost:3000</msg>
<msg time="2025-02-14T22:49:33.528279" level="INFO">No context was open. New context was automatically opened when this page is created.</msg>
<arg>http://localhost:3000</arg>
<tag>BrowserControl</tag>
<tag>Setter</tag>
<doc>Open a new Page.</doc>
<status status="PASS" start="2025-02-14T22:49:32.610579" elapsed="0.917700"/>
</kw>
<status status="PASS" start="2025-02-14T22:49:32.606572" elapsed="0.922702"/>
</kw>
<kw name="submit signup form" owner="Landing">
<kw name="Get Text" owner="Browser">
<msg time="2025-02-14T22:49:33.645945" level="INFO">Text: 'Faça seu cadastro e venha para a Smartbit!'</msg>
<arg>css=#signup h2</arg>
<arg>equal</arg>
<arg>Faça seu cadastro e venha para a Smartbit!</arg>
<tag>Assertion</tag>
<tag>Getter</tag>
<tag>PageContent</tag>
<doc>Returns text attribute of the element found by ``selector``.</doc>
<status status="PASS" start="2025-02-14T22:49:33.531277" elapsed="0.114668"/>
</kw>
<kw name="Fill Text" owner="Browser">
<msg time="2025-02-14T22:49:33.647937" level="INFO">Fills the text 'Henrique Araujo' in the given field.</msg>
<arg>id=name</arg>
<arg>${account}[name]</arg>
<tag>PageContent</tag>
<tag>Setter</tag>
<doc>Clears and fills the given ``txt`` into the text field found by ``selector``.</doc>
<status status="PASS" start="2025-02-14T22:49:33.646937" elapsed="0.028004"/>
</kw>
<kw name="Fill Text" owner="Browser">
<msg time="2025-02-14T22:49:33.675950" level="INFO">Fills the text 'henrique@teste.com.br' in the given field.</msg>
<arg>id=email</arg>
<arg>${account}[email]</arg>
<tag>PageContent</tag>
<tag>Setter</tag>
<doc>Clears and fills the given ``txt`` into the text field found by ``selector``.</doc>
<status status="PASS" start="2025-02-14T22:49:33.674941" elapsed="0.030005"/>
</kw>
<kw name="Fill Text" owner="Browser">
<msg time="2025-02-14T22:49:33.706954" level="INFO">Fills the text '' in the given field.</msg>
<arg>id=cpf</arg>
<arg>${account}[cpf]</arg>
<tag>PageContent</tag>
<tag>Setter</tag>
<doc>Clears and fills the given ``txt`` into the text field found by ``selector``.</doc>
<status status="PASS" start="2025-02-14T22:49:33.705942" elapsed="0.026999"/>
</kw>
<kw name="Click" owner="Browser">
<msg time="2025-02-14T22:49:33.734942" level="INFO">Clicks the element 'css=button &gt;&gt; text=Cadastrar'.</msg>
<arg>css=button &gt;&gt; text=Cadastrar</arg>
<tag>PageContent</tag>
<tag>Setter</tag>
<doc>Simulates mouse click on the element found by ``selector``.</doc>
<status status="PASS" start="2025-02-14T22:49:33.733946" elapsed="0.149998"/>
</kw>
<arg>${account}</arg>
<status status="PASS" start="2025-02-14T22:49:33.530286" elapsed="0.353658"/>
</kw>
<kw name="Notice should be" owner="Landing">
<kw name="Set Variable" owner="BuiltIn">
<msg time="2025-02-14T22:49:33.886939" level="INFO">${element} = css=form .notice</msg>
<var>${element}</var>
<arg>css=form .notice</arg>
<doc>Returns the given values which can then be assigned to a variables.</doc>
<status status="PASS" start="2025-02-14T22:49:33.885950" elapsed="0.000989"/>
</kw>
<kw name="Wait For Elements State" owner="Browser">
<msg time="2025-02-14T22:49:34.230880" level="INFO">Waited for Element with selector css=form .notice at state visible</msg>
<arg>css=form .notice</arg>
<arg>visible</arg>
<arg>5</arg>
<tag>PageContent</tag>
<tag>Wait</tag>
<doc>Waits for the element found by ``selector`` to satisfy state option.</doc>
<status status="PASS" start="2025-02-14T22:49:33.886939" elapsed="0.344941"/>
</kw>
<kw name="Get Text" owner="Browser">
<msg time="2025-02-14T22:49:34.272885" level="INFO">Text: 'Por favor, informe o seu CPF'</msg>
<arg>${element}</arg>
<arg>equal</arg>
<arg>${target}</arg>
<tag>Assertion</tag>
<tag>Getter</tag>
<tag>PageContent</tag>
<doc>Returns text attribute of the element found by ``selector``.</doc>
<status status="PASS" start="2025-02-14T22:49:34.231880" elapsed="0.041005"/>
</kw>
<arg>Por favor, informe o seu CPF</arg>
<status status="PASS" start="2025-02-14T22:49:33.885950" elapsed="0.386935"/>
</kw>
<kw name="Sleep" owner="BuiltIn">
<msg time="2025-02-14T22:49:44.275399" level="INFO">Slept 10 seconds.</msg>
<arg>10</arg>
<doc>Pauses the test executed for the given time.</doc>
<status status="PASS" start="2025-02-14T22:49:34.273873" elapsed="10.001526"/>
</kw>
<status status="PASS" start="2025-02-14T22:49:32.600572" elapsed="11.675877"/>
</test>
<test id="s1-t5" name="Email no formato incorreto" line="63">
<kw name="Create Dictionary" owner="BuiltIn">
<msg time="2025-02-14T22:49:44.427419" level="INFO">${account} = {'name': 'Henrique Araujo', 'email': 'henrique*teste.com.br', 'cpf': '15478541542'}</msg>
<var>${account}</var>
<arg>name=Henrique Araujo</arg>
<arg>email=henrique*teste.com.br</arg>
<arg>cpf=15478541542</arg>
<doc>Creates and returns a dictionary based on the given ``items``.</doc>
<status status="PASS" start="2025-02-14T22:49:44.426428" elapsed="0.000991"/>
</kw>
<kw name="start session" owner="base">
<kw name="New Browser" owner="Browser">
<msg time="2025-02-14T22:49:44.430417" level="INFO">Switching browser to browser=6d726e5a-5e1a-40d0-9691-45df9c6bc55c</msg>
<msg time="2025-02-14T22:49:44.434420" level="INFO">Successfully changed active browser: browser=6d726e5a-5e1a-40d0-9691-45df9c6bc55c</msg>
<msg time="2025-02-14T22:49:44.434420" level="INFO">Reusing existing browser with id: browser=6d726e5a-5e1a-40d0-9691-45df9c6bc55c</msg>
<arg>browser=chromium</arg>
<arg>headless=False</arg>
<tag>BrowserControl</tag>
<tag>Setter</tag>
<doc>Create a new playwright Browser with specified options.</doc>
<status status="PASS" start="2025-02-14T22:49:44.429422" elapsed="0.005997"/>
</kw>
<kw name="New Page" owner="Browser">
<msg time="2025-02-14T22:49:45.283916" level="INFO">Successfully initialized new page object and opened url: http://localhost:3000</msg>
<msg time="2025-02-14T22:49:45.284823" level="INFO">No context was open. New context was automatically opened when this page is created.</msg>
<arg>http://localhost:3000</arg>
<tag>BrowserControl</tag>
<tag>Setter</tag>
<doc>Open a new Page.</doc>
<status status="PASS" start="2025-02-14T22:49:44.435419" elapsed="0.849404"/>
</kw>
<status status="PASS" start="2025-02-14T22:49:44.428421" elapsed="0.856402"/>
</kw>
<kw name="submit signup form" owner="Landing">
<kw name="Get Text" owner="Browser">
<msg time="2025-02-14T22:49:45.427814" level="INFO">Text: 'Faça seu cadastro e venha para a Smartbit!'</msg>
<arg>css=#signup h2</arg>
<arg>equal</arg>
<arg>Faça seu cadastro e venha para a Smartbit!</arg>
<tag>Assertion</tag>
<tag>Getter</tag>
<tag>PageContent</tag>
<doc>Returns text attribute of the element found by ``selector``.</doc>
<status status="PASS" start="2025-02-14T22:49:45.286822" elapsed="0.140992"/>
</kw>
<kw name="Fill Text" owner="Browser">
<msg time="2025-02-14T22:49:45.428818" level="INFO">Fills the text 'Henrique Araujo' in the given field.</msg>
<arg>id=name</arg>
<arg>${account}[name]</arg>
<tag>PageContent</tag>
<tag>Setter</tag>
<doc>Clears and fills the given ``txt`` into the text field found by ``selector``.</doc>
<status status="PASS" start="2025-02-14T22:49:45.427814" elapsed="0.038026"/>
</kw>
<kw name="Fill Text" owner="Browser">
<msg time="2025-02-14T22:49:45.467830" level="INFO">Fills the text 'henrique*teste.com.br' in the given field.</msg>
<arg>id=email</arg>
<arg>${account}[email]</arg>
<tag>PageContent</tag>
<tag>Setter</tag>
<doc>Clears and fills the given ``txt`` into the text field found by ``selector``.</doc>
<status status="PASS" start="2025-02-14T22:49:45.466839" elapsed="0.029997"/>
</kw>
<kw name="Fill Text" owner="Browser">
<msg time="2025-02-14T22:49:45.497839" level="INFO">Fills the text '15478541542' in the given field.</msg>
<arg>id=cpf</arg>
<arg>${account}[cpf]</arg>
<tag>PageContent</tag>
<tag>Setter</tag>
<doc>Clears and fills the given ``txt`` into the text field found by ``selector``.</doc>
<status status="PASS" start="2025-02-14T22:49:45.497839" elapsed="0.021996"/>
</kw>
<kw name="Click" owner="Browser">
<msg time="2025-02-14T22:49:45.520831" level="INFO">Clicks the element 'css=button &gt;&gt; text=Cadastrar'.</msg>
<arg>css=button &gt;&gt; text=Cadastrar</arg>
<tag>PageContent</tag>
<tag>Setter</tag>
<doc>Simulates mouse click on the element found by ``selector``.</doc>
<status status="PASS" start="2025-02-14T22:49:45.519835" elapsed="0.135080"/>
</kw>
<arg>${account}</arg>
<status status="PASS" start="2025-02-14T22:49:45.285821" elapsed="0.370093"/>
</kw>
<kw name="Notice should be" owner="Landing">
<kw name="Set Variable" owner="BuiltIn">
<msg time="2025-02-14T22:49:45.658926" level="INFO">${element} = css=form .notice</msg>
<var>${element}</var>
<arg>css=form .notice</arg>
<doc>Returns the given values which can then be assigned to a variables.</doc>
<status status="PASS" start="2025-02-14T22:49:45.658926" elapsed="0.000000"/>
</kw>
<kw name="Wait For Elements State" owner="Browser">
<msg time="2025-02-14T22:49:45.997497" level="INFO">Waited for Element with selector css=form .notice at state visible</msg>
<arg>css=form .notice</arg>
<arg>visible</arg>
<arg>5</arg>
<tag>PageContent</tag>
<tag>Wait</tag>
<doc>Waits for the element found by ``selector`` to satisfy state option.</doc>
<status status="PASS" start="2025-02-14T22:49:45.659924" elapsed="0.337573"/>
</kw>
<kw name="Get Text" owner="Browser">
<msg time="2025-02-14T22:49:46.038492" level="INFO">Text: 'Oops! O email informado é inválido'</msg>
<arg>${element}</arg>
<arg>equal</arg>
<arg>${target}</arg>
<tag>Assertion</tag>
<tag>Getter</tag>
<tag>PageContent</tag>
<doc>Returns text attribute of the element found by ``selector``.</doc>
<status status="PASS" start="2025-02-14T22:49:45.998498" elapsed="0.039994"/>
</kw>
<arg>Oops! O email informado é inválido</arg>
<status status="PASS" start="2025-02-14T22:49:45.657918" elapsed="0.381577"/>
</kw>
<kw name="Sleep" owner="BuiltIn">
<msg time="2025-02-14T22:49:56.041510" level="INFO">Slept 10 seconds.</msg>
<arg>10</arg>
<doc>Pauses the test executed for the given time.</doc>
<status status="PASS" start="2025-02-14T22:49:46.040490" elapsed="10.001020"/>
</kw>
<status status="PASS" start="2025-02-14T22:49:44.420419" elapsed="11.622094"/>
</test>
<test id="s1-t6" name="CPF no formato incorreto" line="77">
<kw name="Create Dictionary" owner="BuiltIn">
<msg time="2025-02-14T22:49:56.179898" level="INFO">${account} = {'name': 'Henrique Araujo', 'email': 'henrique@teste.com.br', 'cpf': '154785415ab'}</msg>
<var>${account}</var>
<arg>name=Henrique Araujo</arg>
<arg>email=henrique@teste.com.br</arg>
<arg>cpf=154785415ab</arg>
<doc>Creates and returns a dictionary based on the given ``items``.</doc>
<status status="PASS" start="2025-02-14T22:49:56.179898" elapsed="0.000000"/>
</kw>
<kw name="start session" owner="base">
<kw name="New Browser" owner="Browser">
<msg time="2025-02-14T22:49:56.181899" level="INFO">Switching browser to browser=6d726e5a-5e1a-40d0-9691-45df9c6bc55c</msg>
<msg time="2025-02-14T22:49:56.184893" level="INFO">Successfully changed active browser: browser=6d726e5a-5e1a-40d0-9691-45df9c6bc55c</msg>
<msg time="2025-02-14T22:49:56.184893" level="INFO">Reusing existing browser with id: browser=6d726e5a-5e1a-40d0-9691-45df9c6bc55c</msg>
<arg>browser=chromium</arg>
<arg>headless=False</arg>
<tag>BrowserControl</tag>
<tag>Setter</tag>
<doc>Create a new playwright Browser with specified options.</doc>
<status status="PASS" start="2025-02-14T22:49:56.180900" elapsed="0.004993"/>
</kw>
<kw name="New Page" owner="Browser">
<msg time="2025-02-14T22:49:57.129064" level="INFO">Successfully initialized new page object and opened url: http://localhost:3000</msg>
<msg time="2025-02-14T22:49:57.129064" level="INFO">No context was open. New context was automatically opened when this page is created.</msg>
<arg>http://localhost:3000</arg>
<tag>BrowserControl</tag>
<tag>Setter</tag>
<doc>Open a new Page.</doc>
<status status="PASS" start="2025-02-14T22:49:56.185893" elapsed="0.944165"/>
</kw>
<status status="PASS" start="2025-02-14T22:49:56.180900" elapsed="0.949158"/>
</kw>
<kw name="submit signup form" owner="Landing">
<kw name="Get Text" owner="Browser">
<msg time="2025-02-14T22:49:57.259789" level="INFO">Text: 'Faça seu cadastro e venha para a Smartbit!'</msg>
<arg>css=#signup h2</arg>
<arg>equal</arg>
<arg>Faça seu cadastro e venha para a Smartbit!</arg>
<tag>Assertion</tag>
<tag>Getter</tag>
<tag>PageContent</tag>
<doc>Returns text attribute of the element found by ``selector``.</doc>
<status status="PASS" start="2025-02-14T22:49:57.132059" elapsed="0.128739"/>
</kw>
<kw name="Fill Text" owner="Browser">
<msg time="2025-02-14T22:49:57.260798" level="INFO">Fills the text 'Henrique Araujo' in the given field.</msg>
<arg>id=name</arg>
<arg>${account}[name]</arg>
<tag>PageContent</tag>
<tag>Setter</tag>
<doc>Clears and fills the given ``txt`` into the text field found by ``selector``.</doc>
<status status="PASS" start="2025-02-14T22:49:57.260798" elapsed="0.024029"/>
</kw>
<kw name="Fill Text" owner="Browser">
<msg time="2025-02-14T22:49:57.285822" level="INFO">Fills the text 'henrique@teste.com.br' in the given field.</msg>
<arg>id=email</arg>
<arg>${account}[email]</arg>
<tag>PageContent</tag>
<tag>Setter</tag>
<doc>Clears and fills the given ``txt`` into the text field found by ``selector``.</doc>
<status status="PASS" start="2025-02-14T22:49:57.285822" elapsed="0.028172"/>
</kw>
<kw name="Fill Text" owner="Browser">
<msg time="2025-02-14T22:49:57.314985" level="INFO">Fills the text '154785415ab' in the given field.</msg>
<arg>id=cpf</arg>
<arg>${account}[cpf]</arg>
<tag>PageContent</tag>
<tag>Setter</tag>
<doc>Clears and fills the given ``txt`` into the text field found by ``selector``.</doc>
<status status="PASS" start="2025-02-14T22:49:57.314985" elapsed="0.021752"/>
</kw>
<kw name="Click" owner="Browser">
<msg time="2025-02-14T22:49:57.337726" level="INFO">Clicks the element 'css=button &gt;&gt; text=Cadastrar'.</msg>
<arg>css=button &gt;&gt; text=Cadastrar</arg>
<tag>PageContent</tag>
<tag>Setter</tag>
<doc>Simulates mouse click on the element found by ``selector``.</doc>
<status status="PASS" start="2025-02-14T22:49:57.336737" elapsed="0.111999"/>
</kw>
<arg>${account}</arg>
<status status="PASS" start="2025-02-14T22:49:57.131063" elapsed="0.317673"/>
</kw>
<kw name="Notice should be" owner="Landing">
<kw name="Set Variable" owner="BuiltIn">
<msg time="2025-02-14T22:49:57.450729" level="INFO">${element} = css=form .notice</msg>
<var>${element}</var>
<arg>css=form .notice</arg>
<doc>Returns the given values which can then be assigned to a variables.</doc>
<status status="PASS" start="2025-02-14T22:49:57.450729" elapsed="0.000000"/>
</kw>
<kw name="Wait For Elements State" owner="Browser">
<msg time="2025-02-14T22:49:57.775419" level="INFO">Waited for Element with selector css=form .notice at state visible</msg>
<arg>css=form .notice</arg>
<arg>visible</arg>
<arg>5</arg>
<tag>PageContent</tag>
<tag>Wait</tag>
<doc>Waits for the element found by ``selector`` to satisfy state option.</doc>
<status status="PASS" start="2025-02-14T22:49:57.450729" elapsed="0.324690"/>
</kw>
<kw name="Get Text" owner="Browser">
<msg time="2025-02-14T22:49:57.817411" level="INFO">Text: 'Oops! O CPF informado é inválido'</msg>
<arg>${element}</arg>
<arg>equal</arg>
<arg>${target}</arg>
<tag>Assertion</tag>
<tag>Getter</tag>
<tag>PageContent</tag>
<doc>Returns text attribute of the element found by ``selector``.</doc>
<status status="PASS" start="2025-02-14T22:49:57.775419" elapsed="0.041992"/>
</kw>
<arg>Oops! O CPF informado é inválido</arg>
<status status="PASS" start="2025-02-14T22:49:57.449731" elapsed="0.367680"/>
</kw>
<kw name="Sleep" owner="BuiltIn">
<msg time="2025-02-14T22:50:07.819519" level="INFO">Slept 10 seconds.</msg>
<arg>10</arg>
<doc>Pauses the test executed for the given time.</doc>
<status status="PASS" start="2025-02-14T22:49:57.818409" elapsed="10.001110"/>
</kw>
<tag>required</tag>
<status status="PASS" start="2025-02-14T22:49:56.174688" elapsed="11.645833"/>
</test>
<doc>Cenários de testes de pré-cadastro de clientes</doc>
<status status="PASS" start="2025-02-14T22:48:42.247252" elapsed="85.718444"/>
</suite>
<statistics>
<total>
<stat pass="6" fail="0" skip="0">All Tests</stat>
</total>
<tag>
<stat pass="1" fail="0" skip="0">required</stat>
</tag>
<suite>
<stat pass="6" fail="0" skip="0" id="s1" name="Signup">Signup</stat>
</suite>
</statistics>
<errors>
</errors>
</robot>
