<?xml version="1.0" encoding="UTF-8"?>
<robot generator="Robot 7.0.1 (Python 3.12.0 on win32)" generated="2025-02-14T23:46:11.434073" rpa="false" schemaversion="5">
<suite id="s1" name="Signup" source="C:\QAx\projects\smartbit-robot\tests\signup.robot">
<test id="s1-t1" name="Deve iniciar o cadastro do clientes" line="11">
<kw name="start session" owner="Base" type="SETUP">
<kw name="New Browser" owner="Browser">
<msg time="2025-02-14T23:46:13.577482" level="INFO">{"browser": "chromium", "headless": false, "chromiumSandbox": false, "devtools": false, "handleSIGHUP": true, "handleSIGINT": true, "handleSIGTERM": true, "slowMo": 0.0, "timeout": 30000.0, "tracesDir": "C:\\QAx\\projects\\smartbit-robot\\.logs\\browser\\traces\\f1b66a41-948d-4ff5-9b72-5e5a7795f1f8"}</msg>
<msg time="2025-02-14T23:46:14.538059" level="INFO">Successfully created browser with options: {"browser":"chromium","headless":false,"chromiumSandbox":false,"devtools":false,"handleSIGHUP":true,"handleSIGINT":true,"handleSIGTERM":true,"slowMo":0,"timeout":30000,"tracesDir":"C:\\QAx\\projects\\smartbit-robot\\.logs\\browser\\traces\\f1b66a41-948d-4ff5-9b72-5e5a7795f1f8"}</msg>
<arg>browser=chromium</arg>
<arg>headless=False</arg>
<tag>BrowserControl</tag>
<tag>Setter</tag>
<doc>Create a new playwright Browser with specified options.</doc>
<status status="PASS" start="2025-02-14T23:46:13.575234" elapsed="0.962825"/>
</kw>
<kw name="New Page" owner="Browser">
<msg time="2025-02-14T23:46:15.705512" level="INFO">Successfully initialized new page object and opened url: http://localhost:3000</msg>
<msg time="2025-02-14T23:46:15.705512" level="INFO">No context was open. New context was automatically opened when this page is created.</msg>
<arg>http://localhost:3000</arg>
<tag>BrowserControl</tag>
<tag>Setter</tag>
<doc>Open a new Page.</doc>
<status status="PASS" start="2025-02-14T23:46:14.539055" elapsed="1.167452"/>
</kw>
<status status="PASS" start="2025-02-14T23:46:13.574240" elapsed="2.132267"/>
</kw>
<kw name="Get Fake Account" owner="Account">
<msg time="2025-02-14T23:46:15.708516" level="INFO">${account} = {'name': 'Enzo Gabriel da Mota', 'email': 'machadogustavo@example.com', 'cpf': '710.943.256-43'}</msg>
<var>${account}</var>
<status status="PASS" start="2025-02-14T23:46:15.707511" elapsed="0.001005"/>
</kw>
<kw name="submit signup form" owner="Landing">
<kw name="Get Text" owner="Browser">
<msg time="2025-02-14T23:46:15.815503" level="INFO">Text: 'Faça seu cadastro e venha para a Smartbit!'</msg>
<arg>css=#signup h2</arg>
<arg>equal</arg>
<arg>Faça seu cadastro e venha para a Smartbit!</arg>
<tag>Assertion</tag>
<tag>Getter</tag>
<tag>PageContent</tag>
<doc>Returns text attribute of the element found by ``selector``.</doc>
<status status="PASS" start="2025-02-14T23:46:15.710512" elapsed="0.104991"/>
</kw>
<kw name="Fill Text" owner="Browser">
<msg time="2025-02-14T23:46:15.816508" level="INFO">Fills the text 'Enzo Gabriel da Mota' in the given field.</msg>
<arg>id=name</arg>
<arg>${account}[name]</arg>
<tag>PageContent</tag>
<tag>Setter</tag>
<doc>Clears and fills the given ``txt`` into the text field found by ``selector``.</doc>
<status status="PASS" start="2025-02-14T23:46:15.815503" elapsed="0.035007"/>
</kw>
<kw name="Fill Text" owner="Browser">
<msg time="2025-02-14T23:46:15.851510" level="INFO">Fills the text 'machadogustavo@example.com' in the given field.</msg>
<arg>id=email</arg>
<arg>${account}[email]</arg>
<tag>PageContent</tag>
<tag>Setter</tag>
<doc>Clears and fills the given ``txt`` into the text field found by ``selector``.</doc>
<status status="PASS" start="2025-02-14T23:46:15.850510" elapsed="0.031999"/>
</kw>
<kw name="Fill Text" owner="Browser">
<msg time="2025-02-14T23:46:15.883506" level="INFO">Fills the text '710.943.256-43' in the given field.</msg>
<arg>id=cpf</arg>
<arg>${account}[cpf]</arg>
<tag>PageContent</tag>
<tag>Setter</tag>
<doc>Clears and fills the given ``txt`` into the text field found by ``selector``.</doc>
<status status="PASS" start="2025-02-14T23:46:15.882509" elapsed="0.028000"/>
</kw>
<kw name="Click" owner="Browser">
<msg time="2025-02-14T23:46:15.911506" level="INFO">Clicks the element 'css=button &gt;&gt; text=Cadastrar'.</msg>
<arg>css=button &gt;&gt; text=Cadastrar</arg>
<tag>PageContent</tag>
<tag>Setter</tag>
<doc>Simulates mouse click on the element found by ``selector``.</doc>
<status status="PASS" start="2025-02-14T23:46:15.910509" elapsed="0.103003"/>
</kw>
<arg>${account}</arg>
<status status="PASS" start="2025-02-14T23:46:15.709511" elapsed="0.304001"/>
</kw>
<kw name="Verify welcome message" owner="Welcome">
<kw name="Wait For Elements State" owner="Browser">
<msg time="2025-02-14T23:46:18.412151" level="INFO">Waited for Element with selector text=Falta pouco para fazer parte da família Smartbit! at state visible</msg>
<arg>text=Falta pouco para fazer parte da família Smartbit!</arg>
<arg>visible</arg>
<arg>5</arg>
<tag>PageContent</tag>
<tag>Wait</tag>
<doc>Waits for the element found by ``selector`` to satisfy state option.</doc>
<status status="PASS" start="2025-02-14T23:46:16.015506" elapsed="2.396645"/>
</kw>
<kw name="Sleep" owner="BuiltIn">
<msg time="2025-02-14T23:46:28.413368" level="INFO">Slept 10 seconds.</msg>
<arg>10</arg>
<doc>Pauses the test executed for the given time.</doc>
<status status="PASS" start="2025-02-14T23:46:18.412151" elapsed="10.001217"/>
</kw>
<status status="PASS" start="2025-02-14T23:46:16.014506" elapsed="12.398862"/>
</kw>
<kw name="Take Screenshot" owner="Browser" type="TEARDOWN">
<msg time="2025-02-14T23:46:28.618789" level="INFO" html="true">&lt;/td&gt;&lt;/tr&gt;&lt;tr&gt;&lt;td colspan="3"&gt;&lt;a href="browser/screenshot/robotframework-browser-screenshot-1.png" target="_blank"&gt;&lt;img src="browser/screenshot/robotframework-browser-screenshot-1.png" width="800px"/&gt;&lt;/a&gt;</msg>
<tag>PageContent</tag>
<doc>Takes a screenshot of the current window or element and saves it to disk.</doc>
<status status="PASS" start="2025-02-14T23:46:28.414375" elapsed="0.205412"/>
</kw>
<status status="PASS" start="2025-02-14T23:46:13.568241" elapsed="15.051546"/>
</test>
<test id="s1-t2" name="Campo nome deve ser obrigatorio" line="21">
<kw name="start session" owner="Base" type="SETUP">
<kw name="New Browser" owner="Browser">
<msg time="2025-02-14T23:46:28.755345" level="INFO">Switching browser to browser=72b97d30-1cbc-4e6f-95e1-30cfdc59e1f3</msg>
<msg time="2025-02-14T23:46:28.759332" level="INFO">Successfully changed active browser: browser=72b97d30-1cbc-4e6f-95e1-30cfdc59e1f3</msg>
<msg time="2025-02-14T23:46:28.759332" level="INFO">Reusing existing browser with id: browser=72b97d30-1cbc-4e6f-95e1-30cfdc59e1f3</msg>
<arg>browser=chromium</arg>
<arg>headless=False</arg>
<tag>BrowserControl</tag>
<tag>Setter</tag>
<doc>Create a new playwright Browser with specified options.</doc>
<status status="PASS" start="2025-02-14T23:46:28.754343" elapsed="0.004989"/>
</kw>
<kw name="New Page" owner="Browser">
<msg time="2025-02-14T23:46:29.668692" level="INFO">Successfully initialized new page object and opened url: http://localhost:3000</msg>
<msg time="2025-02-14T23:46:29.669699" level="INFO">No context was open. New context was automatically opened when this page is created.</msg>
<arg>http://localhost:3000</arg>
<tag>BrowserControl</tag>
<tag>Setter</tag>
<doc>Open a new Page.</doc>
<status status="PASS" start="2025-02-14T23:46:28.760336" elapsed="0.909363"/>
</kw>
<status status="PASS" start="2025-02-14T23:46:28.754343" elapsed="0.915356"/>
</kw>
<kw name="Create Dictionary" owner="BuiltIn">
<msg time="2025-02-14T23:46:29.676691" level="INFO">${account} = {'name': '', 'email': 'henrique@teste.com.br', 'cpf': '14525845256'}</msg>
<var>${account}</var>
<arg>name=${EMPTY}</arg>
<arg>email=henrique@teste.com.br</arg>
<arg>cpf=14525845256</arg>
<doc>Creates and returns a dictionary based on the given ``items``.</doc>
<status status="PASS" start="2025-02-14T23:46:29.673696" elapsed="0.002995"/>
</kw>
<kw name="submit signup form" owner="Landing">
<kw name="Get Text" owner="Browser">
<msg time="2025-02-14T23:46:29.802686" level="INFO">Text: 'Faça seu cadastro e venha para a Smartbit!'</msg>
<arg>css=#signup h2</arg>
<arg>equal</arg>
<arg>Faça seu cadastro e venha para a Smartbit!</arg>
<tag>Assertion</tag>
<tag>Getter</tag>
<tag>PageContent</tag>
<doc>Returns text attribute of the element found by ``selector``.</doc>
<status status="PASS" start="2025-02-14T23:46:29.679689" elapsed="0.123996"/>
</kw>
<kw name="Fill Text" owner="Browser">
<msg time="2025-02-14T23:46:29.804701" level="INFO">Fills the text '' in the given field.</msg>
<arg>id=name</arg>
<arg>${account}[name]</arg>
<tag>PageContent</tag>
<tag>Setter</tag>
<doc>Clears and fills the given ``txt`` into the text field found by ``selector``.</doc>
<status status="PASS" start="2025-02-14T23:46:29.803685" elapsed="0.026009"/>
</kw>
<kw name="Fill Text" owner="Browser">
<msg time="2025-02-14T23:46:29.830690" level="INFO">Fills the text 'henrique@teste.com.br' in the given field.</msg>
<arg>id=email</arg>
<arg>${account}[email]</arg>
<tag>PageContent</tag>
<tag>Setter</tag>
<doc>Clears and fills the given ``txt`` into the text field found by ``selector``.</doc>
<status status="PASS" start="2025-02-14T23:46:29.829694" elapsed="0.031996"/>
</kw>
<kw name="Fill Text" owner="Browser">
<msg time="2025-02-14T23:46:29.863686" level="INFO">Fills the text '14525845256' in the given field.</msg>
<arg>id=cpf</arg>
<arg>${account}[cpf]</arg>
<tag>PageContent</tag>
<tag>Setter</tag>
<doc>Clears and fills the given ``txt`` into the text field found by ``selector``.</doc>
<status status="PASS" start="2025-02-14T23:46:29.862691" elapsed="0.026997"/>
</kw>
<kw name="Click" owner="Browser">
<msg time="2025-02-14T23:46:29.891690" level="INFO">Clicks the element 'css=button &gt;&gt; text=Cadastrar'.</msg>
<arg>css=button &gt;&gt; text=Cadastrar</arg>
<tag>PageContent</tag>
<tag>Setter</tag>
<doc>Simulates mouse click on the element found by ``selector``.</doc>
<status status="PASS" start="2025-02-14T23:46:29.890686" elapsed="0.084002"/>
</kw>
<arg>${account}</arg>
<status status="PASS" start="2025-02-14T23:46:29.678692" elapsed="0.295996"/>
</kw>
<kw name="Notice should be" owner="Landing">
<kw name="Set Variable" owner="BuiltIn">
<msg time="2025-02-14T23:46:29.976691" level="INFO">${element} = css=form .notice</msg>
<var>${element}</var>
<arg>css=form .notice</arg>
<doc>Returns the given values which can then be assigned to a variables.</doc>
<status status="PASS" start="2025-02-14T23:46:29.976691" elapsed="0.000000"/>
</kw>
<kw name="Wait For Elements State" owner="Browser">
<msg time="2025-02-14T23:46:30.328750" level="INFO">Waited for Element with selector css=form .notice at state visible</msg>
<arg>css=form .notice</arg>
<arg>visible</arg>
<arg>5</arg>
<tag>PageContent</tag>
<tag>Wait</tag>
<doc>Waits for the element found by ``selector`` to satisfy state option.</doc>
<status status="PASS" start="2025-02-14T23:46:29.977696" elapsed="0.351054"/>
</kw>
<kw name="Get Text" owner="Browser">
<msg time="2025-02-14T23:46:30.356749" level="INFO">Text: 'Por favor informe o seu nome completo'</msg>
<arg>${element}</arg>
<arg>equal</arg>
<arg>${target}</arg>
<tag>Assertion</tag>
<tag>Getter</tag>
<tag>PageContent</tag>
<doc>Returns text attribute of the element found by ``selector``.</doc>
<status status="PASS" start="2025-02-14T23:46:30.328750" elapsed="0.027999"/>
</kw>
<arg>Por favor informe o seu nome completo</arg>
<status status="PASS" start="2025-02-14T23:46:29.975695" elapsed="0.381054"/>
</kw>
<kw name="Take Screenshot" owner="Browser" type="TEARDOWN">
<msg time="2025-02-14T23:46:30.572750" level="INFO" html="true">&lt;/td&gt;&lt;/tr&gt;&lt;tr&gt;&lt;td colspan="3"&gt;&lt;a href="browser/screenshot/robotframework-browser-screenshot-2.png" target="_blank"&gt;&lt;img src="browser/screenshot/robotframework-browser-screenshot-2.png" width="800px"/&gt;&lt;/a&gt;</msg>
<tag>PageContent</tag>
<doc>Takes a screenshot of the current window or element and saves it to disk.</doc>
<status status="PASS" start="2025-02-14T23:46:30.357737" elapsed="0.215013"/>
</kw>
<status status="PASS" start="2025-02-14T23:46:28.746333" elapsed="1.826417"/>
</test>
<test id="s1-t3" name="Campo email deve ser obrigatorio" line="31">
<kw name="start session" owner="Base" type="SETUP">
<kw name="New Browser" owner="Browser">
<msg time="2025-02-14T23:46:30.712815" level="INFO">Switching browser to browser=72b97d30-1cbc-4e6f-95e1-30cfdc59e1f3</msg>
<msg time="2025-02-14T23:46:30.717322" level="INFO">Successfully changed active browser: browser=72b97d30-1cbc-4e6f-95e1-30cfdc59e1f3</msg>
<msg time="2025-02-14T23:46:30.717322" level="INFO">Reusing existing browser with id: browser=72b97d30-1cbc-4e6f-95e1-30cfdc59e1f3</msg>
<arg>browser=chromium</arg>
<arg>headless=False</arg>
<tag>BrowserControl</tag>
<tag>Setter</tag>
<doc>Create a new playwright Browser with specified options.</doc>
<status status="PASS" start="2025-02-14T23:46:30.711692" elapsed="0.005630"/>
</kw>
<kw name="New Page" owner="Browser">
<msg time="2025-02-14T23:46:31.817410" level="INFO">Successfully initialized new page object and opened url: http://localhost:3000</msg>
<msg time="2025-02-14T23:46:31.817410" level="INFO">No context was open. New context was automatically opened when this page is created.</msg>
<arg>http://localhost:3000</arg>
<tag>BrowserControl</tag>
<tag>Setter</tag>
<doc>Open a new Page.</doc>
<status status="PASS" start="2025-02-14T23:46:30.718356" elapsed="1.099054"/>
</kw>
<status status="PASS" start="2025-02-14T23:46:30.710309" elapsed="1.108096"/>
</kw>
<kw name="Create Dictionary" owner="BuiltIn">
<msg time="2025-02-14T23:46:31.820408" level="INFO">${account} = {'name': 'Henrique Araujo', 'email': '', 'cpf': '41545875841'}</msg>
<var>${account}</var>
<arg>name=Henrique Araujo</arg>
<arg>email=${EMPTY}</arg>
<arg>cpf=41545875841</arg>
<doc>Creates and returns a dictionary based on the given ``items``.</doc>
<status status="PASS" start="2025-02-14T23:46:31.819411" elapsed="0.000997"/>
</kw>
<kw name="submit signup form" owner="Landing">
<kw name="Get Text" owner="Browser">
<msg time="2025-02-14T23:46:31.943408" level="INFO">Text: 'Faça seu cadastro e venha para a Smartbit!'</msg>
<arg>css=#signup h2</arg>
<arg>equal</arg>
<arg>Faça seu cadastro e venha para a Smartbit!</arg>
<tag>Assertion</tag>
<tag>Getter</tag>
<tag>PageContent</tag>
<doc>Returns text attribute of the element found by ``selector``.</doc>
<status status="PASS" start="2025-02-14T23:46:31.824410" elapsed="0.118998"/>
</kw>
<kw name="Fill Text" owner="Browser">
<msg time="2025-02-14T23:46:31.944423" level="INFO">Fills the text 'Henrique Araujo' in the given field.</msg>
<arg>id=name</arg>
<arg>${account}[name]</arg>
<tag>PageContent</tag>
<tag>Setter</tag>
<doc>Clears and fills the given ``txt`` into the text field found by ``selector``.</doc>
<status status="PASS" start="2025-02-14T23:46:31.943408" elapsed="0.037007"/>
</kw>
<kw name="Fill Text" owner="Browser">
<msg time="2025-02-14T23:46:31.982406" level="INFO">Fills the text '' in the given field.</msg>
<arg>id=email</arg>
<arg>${account}[email]</arg>
<tag>PageContent</tag>
<tag>Setter</tag>
<doc>Clears and fills the given ``txt`` into the text field found by ``selector``.</doc>
<status status="PASS" start="2025-02-14T23:46:31.981408" elapsed="0.027002"/>
</kw>
<kw name="Fill Text" owner="Browser">
<msg time="2025-02-14T23:46:32.010404" level="INFO">Fills the text '41545875841' in the given field.</msg>
<arg>id=cpf</arg>
<arg>${account}[cpf]</arg>
<tag>PageContent</tag>
<tag>Setter</tag>
<doc>Clears and fills the given ``txt`` into the text field found by ``selector``.</doc>
<status status="PASS" start="2025-02-14T23:46:32.009402" elapsed="0.020012"/>
</kw>
<kw name="Click" owner="Browser">
<msg time="2025-02-14T23:46:32.030410" level="INFO">Clicks the element 'css=button &gt;&gt; text=Cadastrar'.</msg>
<arg>css=button &gt;&gt; text=Cadastrar</arg>
<tag>PageContent</tag>
<tag>Setter</tag>
<doc>Simulates mouse click on the element found by ``selector``.</doc>
<status status="PASS" start="2025-02-14T23:46:32.030410" elapsed="0.070997"/>
</kw>
<arg>${account}</arg>
<status status="PASS" start="2025-02-14T23:46:31.822408" elapsed="0.278999"/>
</kw>
<kw name="Notice should be" owner="Landing">
<kw name="Set Variable" owner="BuiltIn">
<msg time="2025-02-14T23:46:32.104411" level="INFO">${element} = css=form .notice</msg>
<var>${element}</var>
<arg>css=form .notice</arg>
<doc>Returns the given values which can then be assigned to a variables.</doc>
<status status="PASS" start="2025-02-14T23:46:32.103411" elapsed="0.001000"/>
</kw>
<kw name="Wait For Elements State" owner="Browser">
<msg time="2025-02-14T23:46:32.442676" level="INFO">Waited for Element with selector css=form .notice at state visible</msg>
<arg>css=form .notice</arg>
<arg>visible</arg>
<arg>5</arg>
<tag>PageContent</tag>
<tag>Wait</tag>
<doc>Waits for the element found by ``selector`` to satisfy state option.</doc>
<status status="PASS" start="2025-02-14T23:46:32.104411" elapsed="0.338265"/>
</kw>
<kw name="Get Text" owner="Browser">
<msg time="2025-02-14T23:46:32.465676" level="INFO">Text: 'Por favor, informe o seu melhor e-mail'</msg>
<arg>${element}</arg>
<arg>equal</arg>
<arg>${target}</arg>
<tag>Assertion</tag>
<tag>Getter</tag>
<tag>PageContent</tag>
<doc>Returns text attribute of the element found by ``selector``.</doc>
<status status="PASS" start="2025-02-14T23:46:32.443680" elapsed="0.022998"/>
</kw>
<arg>Por favor, informe o seu melhor e-mail</arg>
<status status="PASS" start="2025-02-14T23:46:32.103411" elapsed="0.363267"/>
</kw>
<kw name="Take Screenshot" owner="Browser" type="TEARDOWN">
<msg time="2025-02-14T23:46:32.648323" level="INFO" html="true">&lt;/td&gt;&lt;/tr&gt;&lt;tr&gt;&lt;td colspan="3"&gt;&lt;a href="browser/screenshot/robotframework-browser-screenshot-3.png" target="_blank"&gt;&lt;img src="browser/screenshot/robotframework-browser-screenshot-3.png" width="800px"/&gt;&lt;/a&gt;</msg>
<tag>PageContent</tag>
<doc>Takes a screenshot of the current window or element and saves it to disk.</doc>
<status status="PASS" start="2025-02-14T23:46:32.467672" elapsed="0.180651"/>
</kw>
<status status="PASS" start="2025-02-14T23:46:30.702118" elapsed="1.947198"/>
</test>
<test id="s1-t4" name="Campo cpf deve ser obrigatorio" line="43">
<kw name="start session" owner="Base" type="SETUP">
<kw name="New Browser" owner="Browser">
<msg time="2025-02-14T23:46:32.753313" level="INFO">Switching browser to browser=72b97d30-1cbc-4e6f-95e1-30cfdc59e1f3</msg>
<msg time="2025-02-14T23:46:32.756314" level="INFO">Successfully changed active browser: browser=72b97d30-1cbc-4e6f-95e1-30cfdc59e1f3</msg>
<msg time="2025-02-14T23:46:32.756314" level="INFO">Reusing existing browser with id: browser=72b97d30-1cbc-4e6f-95e1-30cfdc59e1f3</msg>
<arg>browser=chromium</arg>
<arg>headless=False</arg>
<tag>BrowserControl</tag>
<tag>Setter</tag>
<doc>Create a new playwright Browser with specified options.</doc>
<status status="PASS" start="2025-02-14T23:46:32.752318" elapsed="0.003996"/>
</kw>
<kw name="New Page" owner="Browser">
<msg time="2025-02-14T23:46:33.604177" level="INFO">Successfully initialized new page object and opened url: http://localhost:3000</msg>
<msg time="2025-02-14T23:46:33.604177" level="INFO">No context was open. New context was automatically opened when this page is created.</msg>
<arg>http://localhost:3000</arg>
<tag>BrowserControl</tag>
<tag>Setter</tag>
<doc>Open a new Page.</doc>
<status status="PASS" start="2025-02-14T23:46:32.757325" elapsed="0.846852"/>
</kw>
<status status="PASS" start="2025-02-14T23:46:32.752318" elapsed="0.851859"/>
</kw>
<kw name="Create Dictionary" owner="BuiltIn">
<msg time="2025-02-14T23:46:33.607182" level="INFO">${account} = {'name': 'Henrique Araujo', 'email': 'henrique@teste.com.br', 'cpf': ''}</msg>
<var>${account}</var>
<arg>name=Henrique Araujo</arg>
<arg>email=henrique@teste.com.br</arg>
<arg>cpf=${EMPTY}</arg>
<doc>Creates and returns a dictionary based on the given ``items``.</doc>
<status status="PASS" start="2025-02-14T23:46:33.606187" elapsed="0.000995"/>
</kw>
<kw name="submit signup form" owner="Landing">
<kw name="Get Text" owner="Browser">
<msg time="2025-02-14T23:46:33.707584" level="INFO">Text: 'Faça seu cadastro e venha para a Smartbit!'</msg>
<arg>css=#signup h2</arg>
<arg>equal</arg>
<arg>Faça seu cadastro e venha para a Smartbit!</arg>
<tag>Assertion</tag>
<tag>Getter</tag>
<tag>PageContent</tag>
<doc>Returns text attribute of the element found by ``selector``.</doc>
<status status="PASS" start="2025-02-14T23:46:33.609173" elapsed="0.098411"/>
</kw>
<kw name="Fill Text" owner="Browser">
<msg time="2025-02-14T23:46:33.708582" level="INFO">Fills the text 'Henrique Araujo' in the given field.</msg>
<arg>id=name</arg>
<arg>${account}[name]</arg>
<tag>PageContent</tag>
<tag>Setter</tag>
<doc>Clears and fills the given ``txt`` into the text field found by ``selector``.</doc>
<status status="PASS" start="2025-02-14T23:46:33.708582" elapsed="0.023001"/>
</kw>
<kw name="Fill Text" owner="Browser">
<msg time="2025-02-14T23:46:33.732578" level="INFO">Fills the text 'henrique@teste.com.br' in the given field.</msg>
<arg>id=email</arg>
<arg>${account}[email]</arg>
<tag>PageContent</tag>
<tag>Setter</tag>
<doc>Clears and fills the given ``txt`` into the text field found by ``selector``.</doc>
<status status="PASS" start="2025-02-14T23:46:33.732578" elapsed="0.026007"/>
</kw>
<kw name="Fill Text" owner="Browser">
<msg time="2025-02-14T23:46:33.759583" level="INFO">Fills the text '' in the given field.</msg>
<arg>id=cpf</arg>
<arg>${account}[cpf]</arg>
<tag>PageContent</tag>
<tag>Setter</tag>
<doc>Clears and fills the given ``txt`` into the text field found by ``selector``.</doc>
<status status="PASS" start="2025-02-14T23:46:33.758585" elapsed="0.020998"/>
</kw>
<kw name="Click" owner="Browser">
<msg time="2025-02-14T23:46:33.780586" level="INFO">Clicks the element 'css=button &gt;&gt; text=Cadastrar'.</msg>
<arg>css=button &gt;&gt; text=Cadastrar</arg>
<tag>PageContent</tag>
<tag>Setter</tag>
<doc>Simulates mouse click on the element found by ``selector``.</doc>
<status status="PASS" start="2025-02-14T23:46:33.780586" elapsed="0.082991"/>
</kw>
<arg>${account}</arg>
<status status="PASS" start="2025-02-14T23:46:33.608178" elapsed="0.255399"/>
</kw>
<kw name="Notice should be" owner="Landing">
<kw name="Set Variable" owner="BuiltIn">
<msg time="2025-02-14T23:46:33.865578" level="INFO">${element} = css=form .notice</msg>
<var>${element}</var>
<arg>css=form .notice</arg>
<doc>Returns the given values which can then be assigned to a variables.</doc>
<status status="PASS" start="2025-02-14T23:46:33.865578" elapsed="0.000000"/>
</kw>
<kw name="Wait For Elements State" owner="Browser">
<msg time="2025-02-14T23:46:34.185640" level="INFO">Waited for Element with selector css=form .notice at state visible</msg>
<arg>css=form .notice</arg>
<arg>visible</arg>
<arg>5</arg>
<tag>PageContent</tag>
<tag>Wait</tag>
<doc>Waits for the element found by ``selector`` to satisfy state option.</doc>
<status status="PASS" start="2025-02-14T23:46:33.865578" elapsed="0.321062"/>
</kw>
<kw name="Get Text" owner="Browser">
<msg time="2025-02-14T23:46:34.212638" level="INFO">Text: 'Por favor, informe o seu CPF'</msg>
<arg>${element}</arg>
<arg>equal</arg>
<arg>${target}</arg>
<tag>Assertion</tag>
<tag>Getter</tag>
<tag>PageContent</tag>
<doc>Returns text attribute of the element found by ``selector``.</doc>
<status status="PASS" start="2025-02-14T23:46:34.186640" elapsed="0.025998"/>
</kw>
<arg>Por favor, informe o seu CPF</arg>
<status status="PASS" start="2025-02-14T23:46:33.864580" elapsed="0.348058"/>
</kw>
<kw name="Take Screenshot" owner="Browser" type="TEARDOWN">
<msg time="2025-02-14T23:46:34.413637" level="INFO" html="true">&lt;/td&gt;&lt;/tr&gt;&lt;tr&gt;&lt;td colspan="3"&gt;&lt;a href="browser/screenshot/robotframework-browser-screenshot-4.png" target="_blank"&gt;&lt;img src="browser/screenshot/robotframework-browser-screenshot-4.png" width="800px"/&gt;&lt;/a&gt;</msg>
<tag>PageContent</tag>
<doc>Takes a screenshot of the current window or element and saves it to disk.</doc>
<status status="PASS" start="2025-02-14T23:46:34.213627" elapsed="0.200010"/>
</kw>
<status status="PASS" start="2025-02-14T23:46:32.748542" elapsed="1.666094"/>
</test>
<test id="s1-t5" name="Email no formato incorreto" line="55">
<kw name="start session" owner="Base" type="SETUP">
<kw name="New Browser" owner="Browser">
<msg time="2025-02-14T23:46:34.511626" level="INFO">Switching browser to browser=72b97d30-1cbc-4e6f-95e1-30cfdc59e1f3</msg>
<msg time="2025-02-14T23:46:34.513640" level="INFO">Successfully changed active browser: browser=72b97d30-1cbc-4e6f-95e1-30cfdc59e1f3</msg>
<msg time="2025-02-14T23:46:34.513640" level="INFO">Reusing existing browser with id: browser=72b97d30-1cbc-4e6f-95e1-30cfdc59e1f3</msg>
<arg>browser=chromium</arg>
<arg>headless=False</arg>
<tag>BrowserControl</tag>
<tag>Setter</tag>
<doc>Create a new playwright Browser with specified options.</doc>
<status status="PASS" start="2025-02-14T23:46:34.510629" elapsed="0.003011"/>
</kw>
<kw name="New Page" owner="Browser">
<msg time="2025-02-14T23:46:35.320786" level="INFO">Successfully initialized new page object and opened url: http://localhost:3000</msg>
<msg time="2025-02-14T23:46:35.320786" level="INFO">No context was open. New context was automatically opened when this page is created.</msg>
<arg>http://localhost:3000</arg>
<tag>BrowserControl</tag>
<tag>Setter</tag>
<doc>Open a new Page.</doc>
<status status="PASS" start="2025-02-14T23:46:34.514636" elapsed="0.806150"/>
</kw>
<status status="PASS" start="2025-02-14T23:46:34.509645" elapsed="0.811141"/>
</kw>
<kw name="Create Dictionary" owner="BuiltIn">
<msg time="2025-02-14T23:46:35.322791" level="INFO">${account} = {'name': 'Henrique Araujo', 'email': 'henrique*teste.com.br', 'cpf': '15478541542'}</msg>
<var>${account}</var>
<arg>name=Henrique Araujo</arg>
<arg>email=henrique*teste.com.br</arg>
<arg>cpf=15478541542</arg>
<doc>Creates and returns a dictionary based on the given ``items``.</doc>
<status status="PASS" start="2025-02-14T23:46:35.321799" elapsed="0.000992"/>
</kw>
<kw name="submit signup form" owner="Landing">
<kw name="Get Text" owner="Browser">
<msg time="2025-02-14T23:46:35.424420" level="INFO">Text: 'Faça seu cadastro e venha para a Smartbit!'</msg>
<arg>css=#signup h2</arg>
<arg>equal</arg>
<arg>Faça seu cadastro e venha para a Smartbit!</arg>
<tag>Assertion</tag>
<tag>Getter</tag>
<tag>PageContent</tag>
<doc>Returns text attribute of the element found by ``selector``.</doc>
<status status="PASS" start="2025-02-14T23:46:35.324787" elapsed="0.099633"/>
</kw>
<kw name="Fill Text" owner="Browser">
<msg time="2025-02-14T23:46:35.425996" level="INFO">Fills the text 'Henrique Araujo' in the given field.</msg>
<arg>id=name</arg>
<arg>${account}[name]</arg>
<tag>PageContent</tag>
<tag>Setter</tag>
<doc>Clears and fills the given ``txt`` into the text field found by ``selector``.</doc>
<status status="PASS" start="2025-02-14T23:46:35.424953" elapsed="0.026195"/>
</kw>
<kw name="Fill Text" owner="Browser">
<msg time="2025-02-14T23:46:35.452195" level="INFO">Fills the text 'henrique*teste.com.br' in the given field.</msg>
<arg>id=email</arg>
<arg>${account}[email]</arg>
<tag>PageContent</tag>
<tag>Setter</tag>
<doc>Clears and fills the given ``txt`` into the text field found by ``selector``.</doc>
<status status="PASS" start="2025-02-14T23:46:35.451148" elapsed="0.027589"/>
</kw>
<kw name="Fill Text" owner="Browser">
<msg time="2025-02-14T23:46:35.479733" level="INFO">Fills the text '15478541542' in the given field.</msg>
<arg>id=cpf</arg>
<arg>${account}[cpf]</arg>
<tag>PageContent</tag>
<tag>Setter</tag>
<doc>Clears and fills the given ``txt`` into the text field found by ``selector``.</doc>
<status status="PASS" start="2025-02-14T23:46:35.478737" elapsed="0.022355"/>
</kw>
<kw name="Click" owner="Browser">
<msg time="2025-02-14T23:46:35.502137" level="INFO">Clicks the element 'css=button &gt;&gt; text=Cadastrar'.</msg>
<arg>css=button &gt;&gt; text=Cadastrar</arg>
<tag>PageContent</tag>
<tag>Setter</tag>
<doc>Simulates mouse click on the element found by ``selector``.</doc>
<status status="PASS" start="2025-02-14T23:46:35.501616" elapsed="0.079739"/>
</kw>
<arg>${account}</arg>
<status status="PASS" start="2025-02-14T23:46:35.323790" elapsed="0.257565"/>
</kw>
<kw name="Notice should be" owner="Landing">
<kw name="Set Variable" owner="BuiltIn">
<msg time="2025-02-14T23:46:35.582351" level="INFO">${element} = css=form .notice</msg>
<var>${element}</var>
<arg>css=form .notice</arg>
<doc>Returns the given values which can then be assigned to a variables.</doc>
<status status="PASS" start="2025-02-14T23:46:35.582351" elapsed="0.001000"/>
</kw>
<kw name="Wait For Elements State" owner="Browser">
<msg time="2025-02-14T23:46:35.909823" level="INFO">Waited for Element with selector css=form .notice at state visible</msg>
<arg>css=form .notice</arg>
<arg>visible</arg>
<arg>5</arg>
<tag>PageContent</tag>
<tag>Wait</tag>
<doc>Waits for the element found by ``selector`` to satisfy state option.</doc>
<status status="PASS" start="2025-02-14T23:46:35.583351" elapsed="0.326472"/>
</kw>
<kw name="Get Text" owner="Browser">
<msg time="2025-02-14T23:46:35.935825" level="INFO">Text: 'Oops! O email informado é inválido'</msg>
<arg>${element}</arg>
<arg>equal</arg>
<arg>${target}</arg>
<tag>Assertion</tag>
<tag>Getter</tag>
<tag>PageContent</tag>
<doc>Returns text attribute of the element found by ``selector``.</doc>
<status status="PASS" start="2025-02-14T23:46:35.909823" elapsed="0.026002"/>
</kw>
<arg>Oops! O email informado é inválido</arg>
<status status="PASS" start="2025-02-14T23:46:35.582351" elapsed="0.353474"/>
</kw>
<kw name="Take Screenshot" owner="Browser" type="TEARDOWN">
<msg time="2025-02-14T23:46:36.093069" level="INFO" html="true">&lt;/td&gt;&lt;/tr&gt;&lt;tr&gt;&lt;td colspan="3"&gt;&lt;a href="browser/screenshot/robotframework-browser-screenshot-5.png" target="_blank"&gt;&lt;img src="browser/screenshot/robotframework-browser-screenshot-5.png" width="800px"/&gt;&lt;/a&gt;</msg>
<tag>PageContent</tag>
<doc>Takes a screenshot of the current window or element and saves it to disk.</doc>
<status status="PASS" start="2025-02-14T23:46:35.936823" elapsed="0.157272"/>
</kw>
<status status="PASS" start="2025-02-14T23:46:34.504635" elapsed="1.589460"/>
</test>
<test id="s1-t6" name="CPF no formato incorreto" line="67">
<kw name="start session" owner="Base" type="SETUP">
<kw name="New Browser" owner="Browser">
<msg time="2025-02-14T23:46:36.186082" level="INFO">Switching browser to browser=72b97d30-1cbc-4e6f-95e1-30cfdc59e1f3</msg>
<msg time="2025-02-14T23:46:36.189082" level="INFO">Successfully changed active browser: browser=72b97d30-1cbc-4e6f-95e1-30cfdc59e1f3</msg>
<msg time="2025-02-14T23:46:36.189082" level="INFO">Reusing existing browser with id: browser=72b97d30-1cbc-4e6f-95e1-30cfdc59e1f3</msg>
<arg>browser=chromium</arg>
<arg>headless=False</arg>
<tag>BrowserControl</tag>
<tag>Setter</tag>
<doc>Create a new playwright Browser with specified options.</doc>
<status status="PASS" start="2025-02-14T23:46:36.185082" elapsed="0.005000"/>
</kw>
<kw name="New Page" owner="Browser">
<msg time="2025-02-14T23:46:36.971618" level="INFO">Successfully initialized new page object and opened url: http://localhost:3000</msg>
<msg time="2025-02-14T23:46:36.971618" level="INFO">No context was open. New context was automatically opened when this page is created.</msg>
<arg>http://localhost:3000</arg>
<tag>BrowserControl</tag>
<tag>Setter</tag>
<doc>Open a new Page.</doc>
<status status="PASS" start="2025-02-14T23:46:36.190082" elapsed="0.781536"/>
</kw>
<status status="PASS" start="2025-02-14T23:46:36.185082" elapsed="0.787532"/>
</kw>
<kw name="Create Dictionary" owner="BuiltIn">
<msg time="2025-02-14T23:46:36.973616" level="INFO">${account} = {'name': 'Henrique Araujo', 'email': 'henrique@teste.com.br', 'cpf': '154785415ab'}</msg>
<var>${account}</var>
<arg>name=Henrique Araujo</arg>
<arg>email=henrique@teste.com.br</arg>
<arg>cpf=154785415ab</arg>
<doc>Creates and returns a dictionary based on the given ``items``.</doc>
<status status="PASS" start="2025-02-14T23:46:36.973616" elapsed="0.000000"/>
</kw>
<kw name="submit signup form" owner="Landing">
<kw name="Get Text" owner="Browser">
<msg time="2025-02-14T23:46:37.068610" level="INFO">Text: 'Faça seu cadastro e venha para a Smartbit!'</msg>
<arg>css=#signup h2</arg>
<arg>equal</arg>
<arg>Faça seu cadastro e venha para a Smartbit!</arg>
<tag>Assertion</tag>
<tag>Getter</tag>
<tag>PageContent</tag>
<doc>Returns text attribute of the element found by ``selector``.</doc>
<status status="PASS" start="2025-02-14T23:46:36.975607" elapsed="0.093003"/>
</kw>
<kw name="Fill Text" owner="Browser">
<msg time="2025-02-14T23:46:37.069602" level="INFO">Fills the text 'Henrique Araujo' in the given field.</msg>
<arg>id=name</arg>
<arg>${account}[name]</arg>
<tag>PageContent</tag>
<tag>Setter</tag>
<doc>Clears and fills the given ``txt`` into the text field found by ``selector``.</doc>
<status status="PASS" start="2025-02-14T23:46:37.068610" elapsed="0.023999"/>
</kw>
<kw name="Fill Text" owner="Browser">
<msg time="2025-02-14T23:46:37.093617" level="INFO">Fills the text 'henrique@teste.com.br' in the given field.</msg>
<arg>id=email</arg>
<arg>${account}[email]</arg>
<tag>PageContent</tag>
<tag>Setter</tag>
<doc>Clears and fills the given ``txt`` into the text field found by ``selector``.</doc>
<status status="PASS" start="2025-02-14T23:46:37.092609" elapsed="0.022998"/>
</kw>
<kw name="Fill Text" owner="Browser">
<msg time="2025-02-14T23:46:37.116607" level="INFO">Fills the text '154785415ab' in the given field.</msg>
<arg>id=cpf</arg>
<arg>${account}[cpf]</arg>
<tag>PageContent</tag>
<tag>Setter</tag>
<doc>Clears and fills the given ``txt`` into the text field found by ``selector``.</doc>
<status status="PASS" start="2025-02-14T23:46:37.115607" elapsed="0.020013"/>
</kw>
<kw name="Click" owner="Browser">
<msg time="2025-02-14T23:46:37.136609" level="INFO">Clicks the element 'css=button &gt;&gt; text=Cadastrar'.</msg>
<arg>css=button &gt;&gt; text=Cadastrar</arg>
<tag>PageContent</tag>
<tag>Setter</tag>
<doc>Simulates mouse click on the element found by ``selector``.</doc>
<status status="PASS" start="2025-02-14T23:46:37.136609" elapsed="0.076001"/>
</kw>
<arg>${account}</arg>
<status status="PASS" start="2025-02-14T23:46:36.974620" elapsed="0.238989"/>
</kw>
<kw name="Notice should be" owner="Landing">
<kw name="Set Variable" owner="BuiltIn">
<msg time="2025-02-14T23:46:37.214609" level="INFO">${element} = css=form .notice</msg>
<var>${element}</var>
<arg>css=form .notice</arg>
<doc>Returns the given values which can then be assigned to a variables.</doc>
<status status="PASS" start="2025-02-14T23:46:37.214609" elapsed="0.000000"/>
</kw>
<kw name="Wait For Elements State" owner="Browser">
<msg time="2025-02-14T23:46:37.546419" level="INFO">Waited for Element with selector css=form .notice at state visible</msg>
<arg>css=form .notice</arg>
<arg>visible</arg>
<arg>5</arg>
<tag>PageContent</tag>
<tag>Wait</tag>
<doc>Waits for the element found by ``selector`` to satisfy state option.</doc>
<status status="PASS" start="2025-02-14T23:46:37.214609" elapsed="0.332810"/>
</kw>
<kw name="Get Text" owner="Browser">
<msg time="2025-02-14T23:46:37.571410" level="INFO">Text: 'Oops! O CPF informado é inválido'</msg>
<arg>${element}</arg>
<arg>equal</arg>
<arg>${target}</arg>
<tag>Assertion</tag>
<tag>Getter</tag>
<tag>PageContent</tag>
<doc>Returns text attribute of the element found by ``selector``.</doc>
<status status="PASS" start="2025-02-14T23:46:37.547419" elapsed="0.023991"/>
</kw>
<arg>Oops! O CPF informado é inválido</arg>
<status status="PASS" start="2025-02-14T23:46:37.213609" elapsed="0.357801"/>
</kw>
<kw name="Take Screenshot" owner="Browser" type="TEARDOWN">
<msg time="2025-02-14T23:46:37.736334" level="INFO" html="true">&lt;/td&gt;&lt;/tr&gt;&lt;tr&gt;&lt;td colspan="3"&gt;&lt;a href="browser/screenshot/robotframework-browser-screenshot-6.png" target="_blank"&gt;&lt;img src="browser/screenshot/robotframework-browser-screenshot-6.png" width="800px"/&gt;&lt;/a&gt;</msg>
<tag>PageContent</tag>
<doc>Takes a screenshot of the current window or element and saves it to disk.</doc>
<status status="PASS" start="2025-02-14T23:46:37.572407" elapsed="0.164510"/>
</kw>
<tag>required</tag>
<status status="PASS" start="2025-02-14T23:46:36.181082" elapsed="1.556504"/>
</test>
<doc>Cenários de testes de pré-cadastro de clientes</doc>
<status status="PASS" start="2025-02-14T23:46:11.436073" elapsed="26.401848"/>
</suite>
<statistics>
<total>
<stat pass="6" fail="0" skip="0">All Tests</stat>
</total>
<tag>
<stat pass="1" fail="0" skip="0">required</stat>
</tag>
<suite>
<stat pass="6" fail="0" skip="0" id="s1" name="Signup">Signup</stat>
</suite>
</statistics>
<errors>
</errors>
</robot>
