<?xml version="1.0" encoding="UTF-8"?>
<robot generator="Robot 7.0.1 (Python 3.12.0 on win32)" generated="2024-12-04T16:12:45.902809" rpa="false" schemaversion="5">
<suite id="s1" name="Signup" source="c:\QAx\projects\smartbit-robot\tests\signup.robot">
<test id="s1-t1" name="Campo nome dese ser obrigatorio" line="31">
<kw name="New Browser" owner="Browser">
<msg time="2024-12-04T16:12:47.805813" level="INFO">{"browser": "chromium", "headless": false, "chromiumSandbox": false, "devtools": false, "handleSIGHUP": true, "handleSIGINT": true, "handleSIGTERM": true, "slowMo": 0.0, "timeout": 30000.0, "tracesDir": "C:\\QAx\\projects\\smartbit-robot\\browser\\traces\\ad8af6a5-460f-44c5-93ae-9d4796d8ea53"}</msg>
<msg time="2024-12-04T16:12:48.188310" level="INFO">Successfully created browser with options: {"browser":"chromium","headless":false,"chromiumSandbox":false,"devtools":false,"handleSIGHUP":true,"handleSIGINT":true,"handleSIGTERM":true,"slowMo":0,"timeout":30000,"tracesDir":"C:\\QAx\\projects\\smartbit-robot\\browser\\traces\\ad8af6a5-460f-44c5-93ae-9d4796d8ea53"}</msg>
<arg>browser=chromium</arg>
<arg>headless=False</arg>
<tag>BrowserControl</tag>
<tag>Setter</tag>
<doc>Create a new playwright Browser with specified options.</doc>
<status status="PASS" start="2024-12-04T16:12:47.804819" elapsed="0.384491"/>
</kw>
<kw name="New Page" owner="Browser">
<msg time="2024-12-04T16:12:49.440598" level="INFO">Successfully initialized new page object and opened url: http://localhost:3000</msg>
<msg time="2024-12-04T16:12:49.441587" level="INFO">No context was open. New context was automatically opened when this page is created.</msg>
<arg>http://localhost:3000</arg>
<tag>BrowserControl</tag>
<tag>Setter</tag>
<doc>Open a new Page.</doc>
<status status="PASS" start="2024-12-04T16:12:48.214340" elapsed="1.227247"/>
</kw>
<kw name="Get Text" owner="Browser">
<msg time="2024-12-04T16:12:49.560135" level="INFO">Text: 'Faça seu cadastro e venha para a Smartbit!'</msg>
<arg>css=#signup h2</arg>
<arg>equal</arg>
<arg>Faça seu cadastro e venha para a Smartbit!</arg>
<tag>Assertion</tag>
<tag>Getter</tag>
<tag>PageContent</tag>
<doc>Returns text attribute of the element found by ``selector``.</doc>
<status status="PASS" start="2024-12-04T16:12:49.442591" elapsed="0.117544"/>
</kw>
<kw name="Fill Text" owner="Browser">
<msg time="2024-12-04T16:12:49.562145" level="INFO">Fills the text 'henrique@teste.com.br' in the given field.</msg>
<arg>id=email</arg>
<arg>henrique@teste.com.br</arg>
<tag>PageContent</tag>
<tag>Setter</tag>
<doc>Clears and fills the given ``txt`` into the text field found by ``selector``.</doc>
<status status="PASS" start="2024-12-04T16:12:49.561138" elapsed="0.044004"/>
</kw>
<kw name="Fill Text" owner="Browser">
<msg time="2024-12-04T16:12:49.609160" level="INFO">Fills the text '05214785451' in the given field.</msg>
<arg>id=document</arg>
<arg>05214785451</arg>
<tag>PageContent</tag>
<tag>Setter</tag>
<doc>Clears and fills the given ``txt`` into the text field found by ``selector``.</doc>
<status status="PASS" start="2024-12-04T16:12:49.607152" elapsed="0.037005"/>
</kw>
<kw name="Click" owner="Browser">
<msg time="2024-12-04T16:12:49.646145" level="INFO">Clicks the element 'css=button &gt;&gt; text=Cadastrar'.</msg>
<arg>css=button &gt;&gt; text=Cadastrar</arg>
<tag>PageContent</tag>
<tag>Setter</tag>
<doc>Simulates mouse click on the element found by ``selector``.</doc>
<status status="PASS" start="2024-12-04T16:12:49.645143" elapsed="0.175025"/>
</kw>
<kw name="Wait For Elements State" owner="Browser">
<msg time="2024-12-04T16:12:49.846177" level="INFO">Waited for Element with selector css=.notice at state visible</msg>
<arg>css=.notice</arg>
<arg>visible</arg>
<arg>5</arg>
<tag>PageContent</tag>
<tag>Wait</tag>
<doc>Waits for the element found by ``selector`` to satisfy state option.</doc>
<status status="PASS" start="2024-12-04T16:12:49.821179" elapsed="0.024998"/>
</kw>
<kw name="Get Text" owner="Browser">
<msg time="2024-12-04T16:12:51.143749" level="INFO" html="true">&lt;/td&gt;&lt;/tr&gt;&lt;tr&gt;&lt;td colspan="3"&gt;&lt;a href="browser/screenshot/fail-screenshot-1.png" target="_blank"&gt;&lt;img src="browser/screenshot/fail-screenshot-1.png" width="800px"/&gt;&lt;/a&gt;</msg>
<msg time="2024-12-04T16:12:51.143749" level="INFO">See also file:///C:/QAx/projects/smartbit-robot/playwright-log.txt for additional details.</msg>
<msg time="2024-12-04T16:12:51.144751" level="FAIL">Error: locator.elementHandle: Error: strict mode violation: locator('.notice') resolved to 2 elements:
    1) &lt;p class="notice"&gt;*Faça o pré-cadastro e visite a unidade mais próx…&lt;/p&gt; aka getByText('*Faça o pré-cadastro e visite')
    2) &lt;div class="notice"&gt;Por favor informe o seu nome completo&lt;/div&gt; aka getByText('Por favor informe o seu nome')

Call log:
  [2m- waiting for locator('.notice')[22m
</msg>
<arg>css=.notice</arg>
<arg>equal</arg>
<arg>Por favor informe o seu nome completo</arg>
<tag>Assertion</tag>
<tag>Getter</tag>
<tag>PageContent</tag>
<doc>Returns text attribute of the element found by ``selector``.</doc>
<status status="FAIL" start="2024-12-04T16:12:49.847167" elapsed="1.436989">Error: locator.elementHandle: Error: strict mode violation: locator('.notice') resolved to 2 elements:
    1) &lt;p class="notice"&gt;*Faça o pré-cadastro e visite a unidade mais próx…&lt;/p&gt; aka getByText('*Faça o pré-cadastro e visite')
    2) &lt;div class="notice"&gt;Por favor informe o seu nome completo&lt;/div&gt; aka getByText('Por favor informe o seu nome')

Call log:
  [2m- waiting for locator('.notice')[22m
</status>
</kw>
<kw name="Sleep" owner="BuiltIn">
<arg>10</arg>
<doc>Pauses the test executed for the given time.</doc>
<status status="NOT RUN" start="2024-12-04T16:12:51.285161" elapsed="0.000000"/>
</kw>
<status status="FAIL" start="2024-12-04T16:12:47.796820" elapsed="3.489346">Error: locator.elementHandle: Error: strict mode violation: locator('.notice') resolved to 2 elements:
    1) &lt;p class="notice"&gt;*Faça o pré-cadastro e visite a unidade mais próx…&lt;/p&gt; aka getByText('*Faça o pré-cadastro e visite')
    2) &lt;div class="notice"&gt;Por favor informe o seu nome completo&lt;/div&gt; aka getByText('Por favor informe o seu nome')

Call log:
  [2m- waiting for locator('.notice')[22m
</status>
</test>
<doc>Cenários de testes de pré-cadastro de clientes</doc>
<status status="FAIL" start="2024-12-04T16:12:45.911818" elapsed="5.506532"/>
</suite>
<statistics>
<total>
<stat pass="0" fail="1" skip="0">All Tests</stat>
</total>
<tag>
</tag>
<suite>
<stat pass="0" fail="1" skip="0" id="s1" name="Signup">Signup</stat>
</suite>
</statistics>
<errors>
</errors>
</robot>
