<?xml version="1.0" encoding="UTF-8"?>
<robot generator="Robot 6.1.1 (Python 3.11.4 on win32)" generated="20240716 18:07:06.598" rpa="false" schemaversion="4">
<suite id="s1" name="Hello" source="C:\QAx\projects\smartbit-robot\hello.robot">
<test id="s1-t1" name="Deve mostrar mensagem de boas vindas" line="6">
<kw name="Log" library="BuiltIn">
<arg>Hello universo Robot</arg>
<doc>Logs the given message with the given level.</doc>
<msg timestamp="20240716 18:07:06.641" level="INFO">Hello universo Robot</msg>
<status status="PASS" starttime="20240716 18:07:06.641" endtime="20240716 18:07:06.641"/>
</kw>
<status status="PASS" starttime="20240716 18:07:06.640" endtime="20240716 18:07:06.642"/>
</test>
<doc>Hello Robot</doc>
<status status="PASS" starttime="20240716 18:07:06.601" endtime="20240716 18:07:06.643"/>
</suite>
<statistics>
<total>
<stat pass="1" fail="0" skip="0">All Tests</stat>
</total>
<tag>
</tag>
<suite>
<stat pass="1" fail="0" skip="0" id="s1" name="Hello">Hello</stat>
</suite>
</statistics>
<errors>
</errors>
</robot>
