<?xml version="1.0" encoding="UTF-8"?>
<robot generator="Robot 7.0.1 (Python 3.12.0 on win32)" generated="2024-09-09T10:27:48.762659" rpa="false" schemaversion="5">
<suite id="s1" name="Slogan" source="C:\QAx\projects\smartbit-robot\tests\slogan.robot">
<test id="s1-t1" name="Deve exibir o slogan na Landing Page" line="6">
<kw name="New Browser" owner="Browser">
<msg time="2024-09-09T10:27:50.888767" level="INFO">{"browser": "chromium", "headless": false, "chromiumSandbox": false, "devtools": false, "handleSIGHUP": true, "handleSIGINT": true, "handleSIGTERM": true, "slowMo": 0.0, "timeout": 30000.0, "tracesDir": "C:\\QAx\\projects\\smartbit-robot\\logs\\browser\\traces\\f1a5d4b9-1c9b-4aa8-8126-9ae99213d06d"}</msg>
<msg time="2024-09-09T10:27:51.701978" level="INFO">Successfully created browser with options: {"browser":"chromium","headless":false,"chromiumSandbox":false,"devtools":false,"handleSIGHUP":true,"handleSIGINT":true,"handleSIGTERM":true,"slowMo":0,"timeout":30000,"tracesDir":"C:\\QAx\\projects\\smartbit-robot\\logs\\browser\\traces\\f1a5d4b9-1c9b-4aa8-8126-9ae99213d06d"}</msg>
<arg>browser=chromium</arg>
<arg>headless=False</arg>
<tag>BrowserControl</tag>
<tag>Setter</tag>
<doc>Create a new playwright Browser with specified options.</doc>
<status status="PASS" start="2024-09-09T10:27:50.887766" elapsed="0.814212"/>
</kw>
<kw name="New Page" owner="Browser">
<msg time="2024-09-09T10:27:52.860103" level="INFO">Successfully initialized new page object and opened url: http://localhost:3000</msg>
<msg time="2024-09-09T10:27:52.860103" level="INFO">No context was open. New context was automatically opened when this page is created.</msg>
<arg>http://localhost:3000</arg>
<tag>BrowserControl</tag>
<tag>Setter</tag>
<doc>Open a new Page.</doc>
<status status="PASS" start="2024-09-09T10:27:51.714982" elapsed="1.145121"/>
</kw>
<kw name="Get Text" owner="Browser">
<msg time="2024-09-09T10:27:52.976105" level="INFO">Text: 'Sua Jornada Fitness Começa aqui!'</msg>
<arg>css=.headline h2</arg>
<arg>equal</arg>
<arg>Sua Jornada Fitness Começa aqui!</arg>
<tag>Assertion</tag>
<tag>Getter</tag>
<tag>PageContent</tag>
<doc>Returns text attribute of the element found by ``selector``.</doc>
<status status="PASS" start="2024-09-09T10:27:52.861105" elapsed="0.115000"/>
</kw>
<kw name="Sleep" owner="BuiltIn">
<msg time="2024-09-09T10:27:57.977286" level="INFO">Slept 5 seconds.</msg>
<arg>5</arg>
<doc>Pauses the test executed for the given time.</doc>
<status status="PASS" start="2024-09-09T10:27:52.977105" elapsed="5.000181"/>
</kw>
<status status="PASS" start="2024-09-09T10:27:50.881760" elapsed="7.096532"/>
</test>
<doc>Teste para verificar o slogan da smartbit na webapp</doc>
<status status="PASS" start="2024-09-09T10:27:48.765660" elapsed="9.365637"/>
</suite>
<statistics>
<total>
<stat pass="1" fail="0" skip="0">All Tests</stat>
</total>
<tag>
</tag>
<suite>
<stat pass="1" fail="0" skip="0" id="s1" name="Slogan">Slogan</stat>
</suite>
</statistics>
<errors>
</errors>
</robot>
