<?xml version="1.0" encoding="UTF-8"?>
<robot generator="Robot 7.0.1 (Python 3.12.0 on win32)" generated="2024-12-04T16:24:37.317712" rpa="false" schemaversion="5">
<suite id="s1" name="Signup" source="C:\QAx\projects\smartbit-robot\tests\signup.robot">
<test id="s1-t1" name="Campo email deve ser obrigatorio" line="51">
<kw name="New Browser" owner="Browser">
<msg time="2024-12-04T16:24:39.219398" level="INFO">{"browser": "chromium", "headless": false, "chromiumSandbox": false, "devtools": false, "handleSIGHUP": true, "handleSIGINT": true, "handleSIGTERM": true, "slowMo": 0.0, "timeout": 30000.0, "tracesDir": "C:\\QAx\\projects\\smartbit-robot\\logs\\browser\\traces\\7121ae26-ae75-47f2-8843-16c5b198a8c3"}</msg>
<msg time="2024-12-04T16:24:39.916450" level="INFO">Successfully created browser with options: {"browser":"chromium","headless":false,"chromiumSandbox":false,"devtools":false,"handleSIGHUP":true,"handleSIGINT":true,"handleSIGTERM":true,"slowMo":0,"timeout":30000,"tracesDir":"C:\\QAx\\projects\\smartbit-robot\\logs\\browser\\traces\\7121ae26-ae75-47f2-8843-16c5b198a8c3"}</msg>
<arg>browser=chromium</arg>
<arg>headless=False</arg>
<tag>BrowserControl</tag>
<tag>Setter</tag>
<doc>Create a new playwright Browser with specified options.</doc>
<status status="PASS" start="2024-12-04T16:24:39.218383" elapsed="0.699068"/>
</kw>
<kw name="New Page" owner="Browser">
<msg time="2024-12-04T16:24:40.948189" level="INFO">Successfully initialized new page object and opened url: http://localhost:3000</msg>
<msg time="2024-12-04T16:24:40.948189" level="INFO">No context was open. New context was automatically opened when this page is created.</msg>
<arg>http://localhost:3000</arg>
<tag>BrowserControl</tag>
<tag>Setter</tag>
<doc>Open a new Page.</doc>
<status status="PASS" start="2024-12-04T16:24:39.920454" elapsed="1.027735"/>
</kw>
<kw name="Get Text" owner="Browser">
<msg time="2024-12-04T16:24:41.047189" level="INFO">Text: 'Faça seu cadastro e venha para a Smartbit!'</msg>
<arg>css=#signup h2</arg>
<arg>equal</arg>
<arg>Faça seu cadastro e venha para a Smartbit!</arg>
<tag>Assertion</tag>
<tag>Getter</tag>
<tag>PageContent</tag>
<doc>Returns text attribute of the element found by ``selector``.</doc>
<status status="PASS" start="2024-12-04T16:24:40.949188" elapsed="0.099001"/>
</kw>
<kw name="Fill Text" owner="Browser">
<msg time="2024-12-04T16:24:41.049191" level="INFO">Fills the text 'Henrique Araujo' in the given field.</msg>
<arg>id=name</arg>
<arg>Henrique Araujo</arg>
<tag>PageContent</tag>
<tag>Setter</tag>
<doc>Clears and fills the given ``txt`` into the text field found by ``selector``.</doc>
<status status="PASS" start="2024-12-04T16:24:41.048189" elapsed="0.043012"/>
</kw>
<kw name="Fill Text" owner="Browser">
<msg time="2024-12-04T16:24:41.093186" level="INFO">Fills the text '05214785451' in the given field.</msg>
<arg>id=document</arg>
<arg>05214785451</arg>
<tag>PageContent</tag>
<tag>Setter</tag>
<doc>Clears and fills the given ``txt`` into the text field found by ``selector``.</doc>
<status status="PASS" start="2024-12-04T16:24:41.092191" elapsed="0.030019"/>
</kw>
<kw name="Click" owner="Browser">
<msg time="2024-12-04T16:24:41.124195" level="INFO">Clicks the element 'css=button &gt;&gt; text=Cadastrar'.</msg>
<arg>css=button &gt;&gt; text=Cadastrar</arg>
<tag>PageContent</tag>
<tag>Setter</tag>
<doc>Simulates mouse click on the element found by ``selector``.</doc>
<status status="PASS" start="2024-12-04T16:24:41.123195" elapsed="0.110989"/>
</kw>
<kw name="Wait For Elements State" owner="Browser">
<msg time="2024-12-04T16:24:41.561488" level="INFO">Waited for Element with selector css=form .notice at state visible</msg>
<arg>css=form .notice</arg>
<arg>visible</arg>
<arg>5</arg>
<tag>PageContent</tag>
<tag>Wait</tag>
<doc>Waits for the element found by ``selector`` to satisfy state option.</doc>
<status status="PASS" start="2024-12-04T16:24:41.235187" elapsed="0.327295"/>
</kw>
<kw name="Get Text" owner="Browser">
<msg time="2024-12-04T16:24:41.594490" level="INFO">Text: 'Por favor, informe o seu melhor e-mail'</msg>
<arg>css=form .notice</arg>
<arg>equal</arg>
<arg>Por favor, informe o seu melhor e-mail</arg>
<tag>Assertion</tag>
<tag>Getter</tag>
<tag>PageContent</tag>
<doc>Returns text attribute of the element found by ``selector``.</doc>
<status status="PASS" start="2024-12-04T16:24:41.562482" elapsed="0.032008"/>
</kw>
<kw name="Sleep" owner="BuiltIn">
<msg time="2024-12-04T16:24:51.595949" level="INFO">Slept 10 seconds.</msg>
<arg>10</arg>
<doc>Pauses the test executed for the given time.</doc>
<status status="PASS" start="2024-12-04T16:24:41.595483" elapsed="10.000466"/>
</kw>
<tag>required</tag>
<status status="PASS" start="2024-12-04T16:24:39.211386" elapsed="12.385580"/>
</test>
<doc>Cenários de testes de pré-cadastro de clientes</doc>
<status status="PASS" start="2024-12-04T16:24:37.319716" elapsed="14.408256"/>
</suite>
<statistics>
<total>
<stat pass="1" fail="0" skip="0">All Tests</stat>
</total>
<tag>
<stat pass="1" fail="0" skip="0">required</stat>
</tag>
<suite>
<stat pass="1" fail="0" skip="0" id="s1" name="Signup">Signup</stat>
</suite>
</statistics>
<errors>
</errors>
</robot>
