<?xml version="1.0" encoding="UTF-8"?>
<robot generator="Robot 7.0.1 (Python 3.12.0 on win32)" generated="2024-12-04T16:29:49.232218" rpa="false" schemaversion="5">
<suite id="s1" name="Signup" source="C:\QAx\projects\smartbit-robot\tests\signup.robot">
<test id="s1-t1" name="Campo cpf deve ser obrigatorio" line="71">
<kw name="New Browser" owner="Browser">
<msg time="2024-12-04T16:29:50.970497" level="INFO">{"browser": "chromium", "headless": false, "chromiumSandbox": false, "devtools": false, "handleSIGHUP": true, "handleSIGINT": true, "handleSIGTERM": true, "slowMo": 0.0, "timeout": 30000.0, "tracesDir": "C:\\QAx\\projects\\smartbit-robot\\logs\\browser\\traces\\7dadecd7-3e4b-49a5-b3fb-5dab3f0a1304"}</msg>
<msg time="2024-12-04T16:29:51.626272" level="INFO">Successfully created browser with options: {"browser":"chromium","headless":false,"chromiumSandbox":false,"devtools":false,"handleSIGHUP":true,"handleSIGINT":true,"handleSIGTERM":true,"slowMo":0,"timeout":30000,"tracesDir":"C:\\QAx\\projects\\smartbit-robot\\logs\\browser\\traces\\7dadecd7-3e4b-49a5-b3fb-5dab3f0a1304"}</msg>
<arg>browser=chromium</arg>
<arg>headless=False</arg>
<tag>BrowserControl</tag>
<tag>Setter</tag>
<doc>Create a new playwright Browser with specified options.</doc>
<status status="PASS" start="2024-12-04T16:29:50.969510" elapsed="0.656762"/>
</kw>
<kw name="New Page" owner="Browser">
<msg time="2024-12-04T16:29:52.898934" level="INFO">Successfully initialized new page object and opened url: http://localhost:3000</msg>
<msg time="2024-12-04T16:29:52.898934" level="INFO">No context was open. New context was automatically opened when this page is created.</msg>
<arg>http://localhost:3000</arg>
<tag>BrowserControl</tag>
<tag>Setter</tag>
<doc>Open a new Page.</doc>
<status status="PASS" start="2024-12-04T16:29:51.632262" elapsed="1.267670"/>
</kw>
<kw name="Get Text" owner="Browser">
<msg time="2024-12-04T16:29:53.010481" level="INFO">Text: 'Faça seu cadastro e venha para a Smartbit!'</msg>
<arg>css=#signup h2</arg>
<arg>equal</arg>
<arg>Faça seu cadastro e venha para a Smartbit!</arg>
<tag>Assertion</tag>
<tag>Getter</tag>
<tag>PageContent</tag>
<doc>Returns text attribute of the element found by ``selector``.</doc>
<status status="PASS" start="2024-12-04T16:29:52.899932" elapsed="0.111547"/>
</kw>
<kw name="Fill Text" owner="Browser">
<msg time="2024-12-04T16:29:53.012478" level="INFO">Fills the text 'Henrique Araujo' in the given field.</msg>
<arg>id=name</arg>
<arg>Henrique Araujo</arg>
<tag>PageContent</tag>
<tag>Setter</tag>
<doc>Clears and fills the given ``txt`` into the text field found by ``selector``.</doc>
<status status="PASS" start="2024-12-04T16:29:53.011479" elapsed="0.039002"/>
</kw>
<kw name="Fill Text" owner="Browser">
<msg time="2024-12-04T16:29:53.053496" level="INFO">Fills the text 'henrique@teste.com.br' in the given field.</msg>
<arg>id=email</arg>
<arg>henrique@teste.com.br</arg>
<tag>PageContent</tag>
<tag>Setter</tag>
<doc>Clears and fills the given ``txt`` into the text field found by ``selector``.</doc>
<status status="PASS" start="2024-12-04T16:29:53.052484" elapsed="0.038002"/>
</kw>
<kw name="Click" owner="Browser">
<msg time="2024-12-04T16:29:53.092482" level="INFO">Clicks the element 'css=button &gt;&gt; text=Cadastrar'.</msg>
<arg>css=button &gt;&gt; text=Cadastrar</arg>
<tag>PageContent</tag>
<tag>Setter</tag>
<doc>Simulates mouse click on the element found by ``selector``.</doc>
<status status="PASS" start="2024-12-04T16:29:53.091480" elapsed="0.140001"/>
</kw>
<kw name="Wait For Elements State" owner="Browser">
<msg time="2024-12-04T16:29:53.576563" level="INFO">Waited for Element with selector css=form .notice at state visible</msg>
<arg>css=form .notice</arg>
<arg>visible</arg>
<arg>5</arg>
<tag>PageContent</tag>
<tag>Wait</tag>
<doc>Waits for the element found by ``selector`` to satisfy state option.</doc>
<status status="PASS" start="2024-12-04T16:29:53.232481" elapsed="0.344082"/>
</kw>
<kw name="Get Text" owner="Browser">
<msg time="2024-12-04T16:29:53.610565" level="INFO">Text: 'Por favor, informe o seu CPF'</msg>
<arg>css=form .notice</arg>
<arg>equal</arg>
<arg>Por favor, informe o seu CPF</arg>
<tag>Assertion</tag>
<tag>Getter</tag>
<tag>PageContent</tag>
<doc>Returns text attribute of the element found by ``selector``.</doc>
<status status="PASS" start="2024-12-04T16:29:53.576563" elapsed="0.034002"/>
</kw>
<kw name="Sleep" owner="BuiltIn">
<msg time="2024-12-04T16:30:03.612230" level="INFO">Slept 10 seconds.</msg>
<arg>10</arg>
<doc>Pauses the test executed for the given time.</doc>
<status status="PASS" start="2024-12-04T16:29:53.611566" elapsed="10.000664"/>
</kw>
<tag>required</tag>
<status status="PASS" start="2024-12-04T16:29:50.963469" elapsed="12.649765"/>
</test>
<doc>Cenários de testes de pré-cadastro de clientes</doc>
<status status="PASS" start="2024-12-04T16:29:49.234224" elapsed="14.513069"/>
</suite>
<statistics>
<total>
<stat pass="1" fail="0" skip="0">All Tests</stat>
</total>
<tag>
<stat pass="1" fail="0" skip="0">required</stat>
</tag>
<suite>
<stat pass="1" fail="0" skip="0" id="s1" name="Signup">Signup</stat>
</suite>
</statistics>
<errors>
</errors>
</robot>
