<?xml version="1.0" encoding="UTF-8"?>
<robot generator="Robot 7.0.1 (Python 3.12.0 on win32)" generated="2024-12-04T16:49:22.304434" rpa="false" schemaversion="5">
<suite id="s1" name="Signup" source="C:\QAx\projects\smartbit-robot\tests\signup.robot">
<test id="s1-t1" name="CPF no formato incorreto" line="112">
<kw name="New Browser" owner="Browser">
<msg time="2024-12-04T16:49:23.983710" level="INFO">{"browser": "chromium", "headless": false, "chromiumSandbox": false, "devtools": false, "handleSIGHUP": true, "handleSIGINT": true, "handleSIGTERM": true, "slowMo": 0.0, "timeout": 30000.0, "tracesDir": "C:\\QAx\\projects\\smartbit-robot\\logs\\browser\\traces\\7191d668-7930-4ba3-8dc3-119df6a1435d"}</msg>
<msg time="2024-12-04T16:49:24.299718" level="INFO">Successfully created browser with options: {"browser":"chromium","headless":false,"chromiumSandbox":false,"devtools":false,"handleSIGHUP":true,"handleSIGINT":true,"handleSIGTERM":true,"slowMo":0,"timeout":30000,"tracesDir":"C:\\QAx\\projects\\smartbit-robot\\logs\\browser\\traces\\7191d668-7930-4ba3-8dc3-119df6a1435d"}</msg>
<arg>browser=chromium</arg>
<arg>headless=False</arg>
<tag>BrowserControl</tag>
<tag>Setter</tag>
<doc>Create a new playwright Browser with specified options.</doc>
<status status="PASS" start="2024-12-04T16:49:23.982710" elapsed="0.317008"/>
</kw>
<kw name="New Page" owner="Browser">
<msg time="2024-12-04T16:49:25.346332" level="INFO">Successfully initialized new page object and opened url: http://localhost:3000</msg>
<msg time="2024-12-04T16:49:25.346332" level="INFO">No context was open. New context was automatically opened when this page is created.</msg>
<arg>http://localhost:3000</arg>
<tag>BrowserControl</tag>
<tag>Setter</tag>
<doc>Open a new Page.</doc>
<status status="PASS" start="2024-12-04T16:49:24.301723" elapsed="1.044609"/>
</kw>
<kw name="Get Text" owner="Browser">
<msg time="2024-12-04T16:49:25.440328" level="INFO">Text: 'Faça seu cadastro e venha para a Smartbit!'</msg>
<arg>css=#signup h2</arg>
<arg>equal</arg>
<arg>Faça seu cadastro e venha para a Smartbit!</arg>
<tag>Assertion</tag>
<tag>Getter</tag>
<tag>PageContent</tag>
<doc>Returns text attribute of the element found by ``selector``.</doc>
<status status="PASS" start="2024-12-04T16:49:25.347329" elapsed="0.092999"/>
</kw>
<kw name="Fill Text" owner="Browser">
<msg time="2024-12-04T16:49:25.441326" level="INFO">Fills the text 'Henrique Araujo' in the given field.</msg>
<arg>id=name</arg>
<arg>Henrique Araujo</arg>
<tag>PageContent</tag>
<tag>Setter</tag>
<doc>Clears and fills the given ``txt`` into the text field found by ``selector``.</doc>
<status status="PASS" start="2024-12-04T16:49:25.441326" elapsed="0.031007"/>
</kw>
<kw name="Fill Text" owner="Browser">
<msg time="2024-12-04T16:49:25.473329" level="INFO">Fills the text 'henrique@teste.com.br' in the given field.</msg>
<arg>id=email</arg>
<arg>henrique@teste.com.br</arg>
<tag>PageContent</tag>
<tag>Setter</tag>
<doc>Clears and fills the given ``txt`` into the text field found by ``selector``.</doc>
<status status="PASS" start="2024-12-04T16:49:25.473329" elapsed="0.032000"/>
</kw>
<kw name="Fill Text" owner="Browser">
<msg time="2024-12-04T16:49:25.506332" level="INFO">Fills the text '4588548568a' in the given field.</msg>
<arg>id=document</arg>
<arg>4588548568a</arg>
<tag>PageContent</tag>
<tag>Setter</tag>
<doc>Clears and fills the given ``txt`` into the text field found by ``selector``.</doc>
<status status="PASS" start="2024-12-04T16:49:25.505329" elapsed="0.026003"/>
</kw>
<kw name="Click" owner="Browser">
<msg time="2024-12-04T16:49:25.532333" level="INFO">Clicks the element 'css=button &gt;&gt; text=Cadastrar'.</msg>
<arg>css=button &gt;&gt; text=Cadastrar</arg>
<tag>PageContent</tag>
<tag>Setter</tag>
<doc>Simulates mouse click on the element found by ``selector``.</doc>
<status status="PASS" start="2024-12-04T16:49:25.532333" elapsed="0.094999"/>
</kw>
<kw name="Wait For Elements State" owner="Browser">
<msg time="2024-12-04T16:49:25.966722" level="INFO">Waited for Element with selector css=form .notice at state visible</msg>
<arg>css=form .notice</arg>
<arg>visible</arg>
<arg>5</arg>
<tag>PageContent</tag>
<tag>Wait</tag>
<doc>Waits for the element found by ``selector`` to satisfy state option.</doc>
<status status="PASS" start="2024-12-04T16:49:25.628332" elapsed="0.338390"/>
</kw>
<kw name="Get Text" owner="Browser">
<msg time="2024-12-04T16:49:25.995786" level="INFO">Text: 'Oops! O CPF informado é inválido'</msg>
<arg>css=form .notice</arg>
<arg>equal</arg>
<arg>Oops! O CPF informado é inválido</arg>
<tag>Assertion</tag>
<tag>Getter</tag>
<tag>PageContent</tag>
<doc>Returns text attribute of the element found by ``selector``.</doc>
<status status="PASS" start="2024-12-04T16:49:25.967722" elapsed="0.028064"/>
</kw>
<kw name="Sleep" owner="BuiltIn">
<msg time="2024-12-04T16:49:35.996902" level="INFO">Slept 10 seconds.</msg>
<arg>10</arg>
<doc>Pauses the test executed for the given time.</doc>
<status status="PASS" start="2024-12-04T16:49:25.996754" elapsed="10.000148"/>
</kw>
<tag>required</tag>
<status status="PASS" start="2024-12-04T16:49:23.977721" elapsed="12.020298"/>
</test>
<doc>Cenários de testes de pré-cadastro de clientes</doc>
<status status="PASS" start="2024-12-04T16:49:22.306435" elapsed="13.818450"/>
</suite>
<statistics>
<total>
<stat pass="1" fail="0" skip="0">All Tests</stat>
</total>
<tag>
<stat pass="1" fail="0" skip="0">required</stat>
</tag>
<suite>
<stat pass="1" fail="0" skip="0" id="s1" name="Signup">Signup</stat>
</suite>
</statistics>
<errors>
</errors>
</robot>
